<?xml version="1.0" encoding="UTF-8"?>
<TestRun id="c64628b3-f69c-4b5a-b53c-1fc285a3a159" name="Dego@NASA 2015-05-31 15:16:26" runUser="Nasa\Dego" xmlns="http://microsoft.com/schemas/VisualStudio/TeamTest/2010">
  <TestSettings name="Локальные" id="4d286b72-bf8c-47c9-bbba-cf7e371945f8">
    <Description>Это - параметры по умолчанию для локального тестового запуска.</Description>
    <Execution>
      <TestTypeSpecific />
      <AgentRule name="Execution Agents">
      </AgentRule>
    </Execution>
    <Deployment runDeploymentRoot="Dego_NASA 2015-05-31 15_16_26" />
  </TestSettings>
  <Times creation="2015-05-31T15:16:26.8771983+03:00" queuing="2015-05-31T15:16:28.3822844+03:00" start="2015-05-31T15:16:28.6953023+03:00" finish="2015-05-31T15:17:07.1435014+03:00" />
  <ResultSummary outcome="Completed">
    <Counters total="1" executed="1" passed="1" error="0" failed="0" timeout="0" aborted="0" inconclusive="0" passedButRunAborted="0" notRunnable="0" notExecuted="0" disconnected="0" warning="0" completed="0" inProgress="0" pending="0" />
  </ResultSummary>
  <TestDefinitions>
    <WebTest name="WebTest1" storage="c:\users\dego\documents\visual studio 2012\projects\webandloadtestproject\webandloadtestproject\webtest1.webtest" id="6236727f-aa0a-4536-9fbf-4bc0ebbcfe28" persistedWebTest="77u/PD94bWwgdmVyc2lvbj0iMS4wIiBlbmNvZGluZz0iVVRGLTgiIHN0YW5kYWxvbmU9InllcyI/Pg0KPFdlYlRlc3QgTmFtZT0iV2ViVGVzdDEiIElkPSI2MjM2NzI3Zi1hYTBhLTQ1MzYtOWZiZi00YmMwZWJiY2ZlMjgiIE93bmVyPSIiIFByaW9yaXR5PSIyMTQ3NDgzNjQ3IiBFbmFibGVkPSJUcnVlIiBDc3NQcm9qZWN0U3RydWN0dXJlPSIiIENzc0l0ZXJhdGlvbj0iIiBUaW1lb3V0PSIwIiBXb3JrSXRlbUlkcz0iIiB4bWxucz0iaHR0cDovL21pY3Jvc29mdC5jb20vc2NoZW1hcy9WaXN1YWxTdHVkaW8vVGVhbVRlc3QvMjAxMCIgRGVzY3JpcHRpb249IiIgQ3JlZGVudGlhbFVzZXJOYW1lPSIiIENyZWRlbnRpYWxQYXNzd29yZD0iIiBQcmVBdXRoZW50aWNhdGU9IlRydWUiIFByb3h5PSIiIFN0b3BPbkVycm9yPSJGYWxzZSIgUmVjb3JkZWRSZXN1bHRGaWxlPSJXZWJUZXN0MS5mOTEzOGU3MS1jNTI2LTQyOTktOGVlZS1iOWU3MWE4NGI2MmQucmVjLndlYnRlc3RyZXN1bHQiPg0KICA8SXRlbXM+DQogICAgPFJlcXVlc3QgTWV0aG9kPSJHRVQiIEd1aWQ9IjJiOGMzNzk4LTUwYWEtNDZhOC05Yjk1LTI4YzU1MzE0NGY2ZSIgVmVyc2lvbj0iMS4xIiBVcmw9Imh0dHA6Ly9sb2NhbGhvc3Q6MjE4NS8iIFRoaW5rVGltZT0iNCIgVGltZW91dD0iMzAwIiBQYXJzZURlcGVuZGVudFJlcXVlc3RzPSJUcnVlIiBGb2xsb3dSZWRpcmVjdHM9IlRydWUiIFJlY29yZFJlc3VsdD0iVHJ1ZSIgQ2FjaGU9IkZhbHNlIiBSZXNwb25zZVRpbWVHb2FsPSIwIiBFbmNvZGluZz0idXRmLTgiIEV4cGVjdGVkSHR0cFN0YXR1c0NvZGU9IjAiIEV4cGVjdGVkUmVzcG9uc2VVcmw9IiIgUmVwb3J0aW5nTmFtZT0iIiAvPg0KICAgIDxSZXF1ZXN0IE1ldGhvZD0iR0VUIiBHdWlkPSJkMTZhOTBkYy0wMDMxLTRmNWEtYWUzYS05ZTM1ODU1M2NkNGYiIFZlcnNpb249IjEuMSIgVXJsPSJodHRwOi8vbG9jYWxob3N0OjIxODUvSG9tZS9PdGhlckFjdGlvbnMiIFRoaW5rVGltZT0iMiIgVGltZW91dD0iMzAwIiBQYXJzZURlcGVuZGVudFJlcXVlc3RzPSJUcnVlIiBGb2xsb3dSZWRpcmVjdHM9IlRydWUiIFJlY29yZFJlc3VsdD0iVHJ1ZSIgQ2FjaGU9IkZhbHNlIiBSZXNwb25zZVRpbWVHb2FsPSIwIiBFbmNvZGluZz0idXRmLTgiIEV4cGVjdGVkSHR0cFN0YXR1c0NvZGU9IjAiIEV4cGVjdGVkUmVzcG9uc2VVcmw9IiIgUmVwb3J0aW5nTmFtZT0iIj4NCiAgICAgIDxFeHRyYWN0aW9uUnVsZXM+DQogICAgICAgIDxFeHRyYWN0aW9uUnVsZSBDbGFzc25hbWU9Ik1pY3Jvc29mdC5WaXN1YWxTdHVkaW8uVGVzdFRvb2xzLldlYlRlc3RpbmcuUnVsZXMuRXh0cmFjdEhpZGRlbkZpZWxkcywgTWljcm9zb2Z0LlZpc3VhbFN0dWRpby5RdWFsaXR5VG9vbHMuV2ViVGVzdEZyYW1ld29yaywgVmVyc2lvbj0xMC4wLjAuMCwgQ3VsdHVyZT1uZXV0cmFsLCBQdWJsaWNLZXlUb2tlbj1iMDNmNWY3ZjExZDUwYTNhIiBWYXJpYWJsZU5hbWU9IjEiIERpc3BsYXlOYW1lPSLQmNC30LLQu9C10YfRjCDRgdC60YDRi9GC0YvQtSDQv9C+0LvRjyIgRGVzY3JpcHRpb249ItCY0LfQstC70LXQutC40YLQtSDQstGB0LUg0YHQutGA0YvRgtGL0LUg0L/QvtC70Y8g0LjQtyDQvtGC0LLQtdGC0LAg0Lgg0L/QvtC80LXRgdGC0LjRgtC1INC40YUg0LIg0LrQvtC90YLQtdC60YHRgiDRgtC10YHRgtCwLiI+DQogICAgICAgICAgPFJ1bGVQYXJhbWV0ZXJzPg0KICAgICAgICAgICAgPFJ1bGVQYXJhbWV0ZXIgTmFtZT0iUmVxdWlyZWQiIFZhbHVlPSJUcnVlIiAvPg0KICAgICAgICAgICAgPFJ1bGVQYXJhbWV0ZXIgTmFtZT0iSHRtbERlY29kZSIgVmFsdWU9IlRydWUiIC8+DQogICAgICAgICAgPC9SdWxlUGFyYW1ldGVycz4NCiAgICAgICAgPC9FeHRyYWN0aW9uUnVsZT4NCiAgICAgIDwvRXh0cmFjdGlvblJ1bGVzPg0KICAgIDwvUmVxdWVzdD4NCiAgICA8UmVxdWVzdCBNZXRob2Q9IlBPU1QiIEd1aWQ9IjdmOWZkNmM3LWJiOGYtNDNiYi05NTBhLTQ1NzVlMjdlNjZmNCIgVmVyc2lvbj0iMS4xIiBVcmw9Imh0dHA6Ly9sb2NhbGhvc3Q6MjE4NS9Ib21lL0RldmljZUdsb2JhbEFjdGlvbiIgVGhpbmtUaW1lPSIxMCIgVGltZW91dD0iMzAwIiBQYXJzZURlcGVuZGVudFJlcXVlc3RzPSJUcnVlIiBGb2xsb3dSZWRpcmVjdHM9IlRydWUiIFJlY29yZFJlc3VsdD0iVHJ1ZSIgQ2FjaGU9IkZhbHNlIiBSZXNwb25zZVRpbWVHb2FsPSIwIiBFbmNvZGluZz0idXRmLTgiIEV4cGVjdGVkSHR0cFN0YXR1c0NvZGU9IjAiIEV4cGVjdGVkUmVzcG9uc2VVcmw9IiIgUmVwb3J0aW5nTmFtZT0iIj4NCiAgICAgIDxGb3JtUG9zdEh0dHBCb2R5Pg0KICAgICAgICA8Rm9ybVBvc3RQYXJhbWV0ZXIgTmFtZT0idHlwZSIgVmFsdWU9Int7JEhJRERFTjEudHlwZX19IiBSZWNvcmRlZFZhbHVlPSJMYW1wIiBDb3JyZWxhdGlvbkJpbmRpbmc9IiIgVXJsRW5jb2RlPSJUcnVlIiAvPg0KICAgICAgICA8Rm9ybVBvc3RQYXJhbWV0ZXIgTmFtZT0iQWN0aW9uIiBWYWx1ZT0ie3skSElEREVOMS5BY3Rpb259fSIgUmVjb3JkZWRWYWx1ZT0iT04iIENvcnJlbGF0aW9uQmluZGluZz0iIiBVcmxFbmNvZGU9IlRydWUiIC8+DQogICAgICAgIDxGb3JtUG9zdFBhcmFtZXRlciBOYW1lPSJQYXJhbWV0ciIgVmFsdWU9Int7JEhJRERFTjEuUGFyYW1ldHJ9fSIgUmVjb3JkZWRWYWx1ZT0ibnVsbC8iIENvcnJlbGF0aW9uQmluZGluZz0iIiBVcmxFbmNvZGU9IlRydWUiIC8+DQogICAgICAgIDxGb3JtUG9zdFBhcmFtZXRlciBOYW1lPSJYLVJlcXVlc3RlZC1XaXRoIiBWYWx1ZT0iWE1MSHR0cFJlcXVlc3QiIFJlY29yZGVkVmFsdWU9IlhNTEh0dHBSZXF1ZXN0IiBDb3JyZWxhdGlvbkJpbmRpbmc9IiIgVXJsRW5jb2RlPSJUcnVlIiAvPg0KICAgICAgPC9Gb3JtUG9zdEh0dHBCb2R5Pg0KICAgIDwvUmVxdWVzdD4NCiAgICA8UmVxdWVzdCBNZXRob2Q9IlBPU1QiIEd1aWQ9IjYzYWEwZDliLTVkMGEtNDJjMy05YzI4LWRmNTZlOTIyN2ZlMSIgVmVyc2lvbj0iMS4xIiBVcmw9Imh0dHA6Ly9sb2NhbGhvc3Q6MjE4NS9Ib21lL0RldmljZUFjdGlvbkxhbXAiIFRoaW5rVGltZT0iMyIgVGltZW91dD0iMzAwIiBQYXJzZURlcGVuZGVudFJlcXVlc3RzPSJUcnVlIiBGb2xsb3dSZWRpcmVjdHM9IlRydWUiIFJlY29yZFJlc3VsdD0iVHJ1ZSIgQ2FjaGU9IkZhbHNlIiBSZXNwb25zZVRpbWVHb2FsPSIwIiBFbmNvZGluZz0idXRmLTgiIEV4cGVjdGVkSHR0cFN0YXR1c0NvZGU9IjAiIEV4cGVjdGVkUmVzcG9uc2VVcmw9IiIgUmVwb3J0aW5nTmFtZT0iIj4NCiAgICAgIDxGb3JtUG9zdEh0dHBCb2R5Pg0KICAgICAgICA8Rm9ybVBvc3RQYXJhbWV0ZXIgTmFtZT0iSUQiIFZhbHVlPSJ7eyRISURERU4xLklEfX0iIFJlY29yZGVkVmFsdWU9IjQiIENvcnJlbGF0aW9uQmluZGluZz0iIiBVcmxFbmNvZGU9IlRydWUiIC8+DQogICAgICAgIDxGb3JtUG9zdFBhcmFtZXRlciBOYW1lPSJ0eXBlIiBWYWx1ZT0ie3skSElEREVOMS50eXBlfX0iIFJlY29yZGVkVmFsdWU9IkxhbXAiIENvcnJlbGF0aW9uQmluZGluZz0iIiBVcmxFbmNvZGU9IlRydWUiIC8+DQogICAgICAgIDxGb3JtUG9zdFBhcmFtZXRlciBOYW1lPSJBY3Rpb24iIFZhbHVlPSJ7eyRISURERU4xLkFjdGlvbn19IiBSZWNvcmRlZFZhbHVlPSJPRkYiIENvcnJlbGF0aW9uQmluZGluZz0iIiBVcmxFbmNvZGU9IlRydWUiIC8+DQogICAgICAgIDxGb3JtUG9zdFBhcmFtZXRlciBOYW1lPSJQYXJhbWV0ciIgVmFsdWU9Int7JEhJRERFTjEuUGFyYW1ldHJ9fSIgUmVjb3JkZWRWYWx1ZT0ibnVsbC8iIENvcnJlbGF0aW9uQmluZGluZz0iIiBVcmxFbmNvZGU9IlRydWUiIC8+DQogICAgICAgIDxGb3JtUG9zdFBhcmFtZXRlciBOYW1lPSJYLVJlcXVlc3RlZC1XaXRoIiBWYWx1ZT0iWE1MSHR0cFJlcXVlc3QiIFJlY29yZGVkVmFsdWU9IlhNTEh0dHBSZXF1ZXN0IiBDb3JyZWxhdGlvbkJpbmRpbmc9IiIgVXJsRW5jb2RlPSJUcnVlIiAvPg0KICAgICAgPC9Gb3JtUG9zdEh0dHBCb2R5Pg0KICAgIDwvUmVxdWVzdD4NCiAgICA8UmVxdWVzdCBNZXRob2Q9IlBPU1QiIEd1aWQ9ImI1MDNhNGQ1LTVlZmItNGYwYy1iMDE2LTE5NTkzNzg5ODdiNyIgVmVyc2lvbj0iMS4xIiBVcmw9Imh0dHA6Ly9sb2NhbGhvc3Q6MjE4NS9Ib21lL0RldmljZUFjdGlvbkxhbXAiIFRoaW5rVGltZT0iMCIgVGltZW91dD0iMzAwIiBQYXJzZURlcGVuZGVudFJlcXVlc3RzPSJUcnVlIiBGb2xsb3dSZWRpcmVjdHM9IlRydWUiIFJlY29yZFJlc3VsdD0iVHJ1ZSIgQ2FjaGU9IkZhbHNlIiBSZXNwb25zZVRpbWVHb2FsPSIwIiBFbmNvZGluZz0idXRmLTgiIEV4cGVjdGVkSHR0cFN0YXR1c0NvZGU9IjAiIEV4cGVjdGVkUmVzcG9uc2VVcmw9IiIgUmVwb3J0aW5nTmFtZT0iIj4NCiAgICAgIDxGb3JtUG9zdEh0dHBCb2R5Pg0KICAgICAgICA8Rm9ybVBvc3RQYXJhbWV0ZXIgTmFtZT0iSUQiIFZhbHVlPSJ7eyRISURERU4xLklEfX0iIFJlY29yZGVkVmFsdWU9IjIiIENvcnJlbGF0aW9uQmluZGluZz0iIiBVcmxFbmNvZGU9IlRydWUiIC8+DQogICAgICAgIDxGb3JtUG9zdFBhcmFtZXRlciBOYW1lPSJ0eXBlIiBWYWx1ZT0ie3skSElEREVOMS50eXBlfX0iIFJlY29yZGVkVmFsdWU9IkxhbXAiIENvcnJlbGF0aW9uQmluZGluZz0iIiBVcmxFbmNvZGU9IlRydWUiIC8+DQogICAgICAgIDxGb3JtUG9zdFBhcmFtZXRlciBOYW1lPSJBY3Rpb24iIFZhbHVlPSJ7eyRISURERU4xLkFjdGlvbn19IiBSZWNvcmRlZFZhbHVlPSJPRkYiIENvcnJlbGF0aW9uQmluZGluZz0iIiBVcmxFbmNvZGU9IlRydWUiIC8+DQogICAgICAgIDxGb3JtUG9zdFBhcmFtZXRlciBOYW1lPSJQYXJhbWV0ciIgVmFsdWU9Int7JEhJRERFTjEuUGFyYW1ldHJ9fSIgUmVjb3JkZWRWYWx1ZT0ibnVsbC8iIENvcnJlbGF0aW9uQmluZGluZz0iIiBVcmxFbmNvZGU9IlRydWUiIC8+DQogICAgICAgIDxGb3JtUG9zdFBhcmFtZXRlciBOYW1lPSJYLVJlcXVlc3RlZC1XaXRoIiBWYWx1ZT0iWE1MSHR0cFJlcXVlc3QiIFJlY29yZGVkVmFsdWU9IlhNTEh0dHBSZXF1ZXN0IiBDb3JyZWxhdGlvbkJpbmRpbmc9IiIgVXJsRW5jb2RlPSJUcnVlIiAvPg0KICAgICAgPC9Gb3JtUG9zdEh0dHBCb2R5Pg0KICAgIDwvUmVxdWVzdD4NCiAgPC9JdGVtcz4NCiAgPFZhbGlkYXRpb25SdWxlcz4NCiAgICA8VmFsaWRhdGlvblJ1bGUgQ2xhc3NuYW1lPSJNaWNyb3NvZnQuVmlzdWFsU3R1ZGlvLlRlc3RUb29scy5XZWJUZXN0aW5nLlJ1bGVzLlZhbGlkYXRlUmVzcG9uc2VVcmwsIE1pY3Jvc29mdC5WaXN1YWxTdHVkaW8uUXVhbGl0eVRvb2xzLldlYlRlc3RGcmFtZXdvcmssIFZlcnNpb249MTAuMC4wLjAsIEN1bHR1cmU9bmV1dHJhbCwgUHVibGljS2V5VG9rZW49YjAzZjVmN2YxMWQ1MGEzYSIgRGlzcGxheU5hbWU9IlVSTC3QsNC00YDQtdGBINC+0YLQstC10YLQsCIgRGVzY3JpcHRpb249ItCf0YDQvtCy0LXRgNC60LAg0YLQvtCz0L4sINGH0YLQviBVUkwt0LDQtNGA0LXRgSDQvtGC0LLQtdGC0LAg0L/QvtGB0LvQtSDQstGL0L/QvtC70L3QtdC90LjRjyDQv9C10YDQtdC90LDQv9GA0LDQstC70LXQvdC40Lkg0YLQsNC60L7QuSDQttC1LCDQutCw0Log0LfQsNC/0LjRgdCw0L3QvdGL0LkgVVJMLdCw0LTRgNC10YEg0L7RgtCy0LXRgtCwLiDQn9Cw0YDQsNC80LXRgtGA0YsgUXVlcnlTdHJpbmcg0LjQs9C90L7RgNC40YDRg9GO0YLRgdGPLiIgTGV2ZWw9IkxvdyIgRXhlY3R1aW9uT3JkZXI9IkJlZm9yZURlcGVuZGVudHMiIC8+DQogICAgPFZhbGlkYXRpb25SdWxlIENsYXNzbmFtZT0iTWljcm9zb2Z0LlZpc3VhbFN0dWRpby5UZXN0VG9vbHMuV2ViVGVzdGluZy5SdWxlcy5WYWxpZGF0aW9uUnVsZVJlc3BvbnNlVGltZUdvYWwsIE1pY3Jvc29mdC5WaXN1YWxTdHVkaW8uUXVhbGl0eVRvb2xzLldlYlRlc3RGcmFtZXdvcmssIFZlcnNpb249MTAuMC4wLjAsIEN1bHR1cmU9bmV1dHJhbCwgUHVibGljS2V5VG9rZW49YjAzZjVmN2YxMWQ1MGEzYSIgRGlzcGxheU5hbWU9ItCm0LXQu9GMINCy0YDQtdC80LXQvdC4INC+0YLQstC10YLQsCIgRGVzY3JpcHRpb249ItCf0YDQvtCy0LXRgNC60LAg0L3QsCDQv9GA0LXQstGL0YjQtdC90LjQtSDQstGA0LXQvNC10L3QtdC8INC+0YLQstC10YLQsCDQvdCwINC30LDQv9GA0L7RgSDRjdGC0LDQu9C+0L3QsCDQstGA0LXQvNC10L3QuCDQvtGC0LLQtdGC0LAsINGD0LrQsNC30LDQvdC90L7Qs9C+INCyINC30LDQv9GA0L7RgdC1LiDQptC10LvQuCDQstGA0LXQvNC10L3QuCDQvtGC0LLQtdGC0LAsINGA0LDQstC90YvQtSDQvdGD0LvRjiwg0LHRg9C00YPRgiDQv9GA0L7Qv9GD0YnQtdC90YsuIiBMZXZlbD0iTG93IiBFeGVjdHVpb25PcmRlcj0iQWZ0ZXJEZXBlbmRlbnRzIj4NCiAgICAgIDxSdWxlUGFyYW1ldGVycz4NCiAgICAgICAgPFJ1bGVQYXJhbWV0ZXIgTmFtZT0iVG9sZXJhbmNlIiBWYWx1ZT0iMCIgLz4NCiAgICAgIDwvUnVsZVBhcmFtZXRlcnM+DQogICAgPC9WYWxpZGF0aW9uUnVsZT4NCiAgPC9WYWxpZGF0aW9uUnVsZXM+DQo8L1dlYlRlc3Q+">
      <Execution id="a788f2a1-e1d3-4482-b503-d9bdd86bf4c1" />
    </WebTest>
  </TestDefinitions>
  <TestLists>
    <TestList name="Отсутствующие в списке результаты" id="8c84fa94-04c1-424b-9868-57a2d4851a1d" />
    <TestList name="Все загруженные результаты" id="19431567-8539-422a-85d7-44ee4e166bda" />
  </TestLists>
  <TestEntries>
    <TestEntry isTransparent="false" testId="6236727f-aa0a-4536-9fbf-4bc0ebbcfe28" executionId="a788f2a1-e1d3-4482-b503-d9bdd86bf4c1" testListId="8c84fa94-04c1-424b-9868-57a2d4851a1d" />
  </TestEntries>
  <Results>
    <WebTestResult executionId="a788f2a1-e1d3-4482-b503-d9bdd86bf4c1" testId="6236727f-aa0a-4536-9fbf-4bc0ebbcfe28" testName="WebTest1" computerName="NASA" duration="00:00:27.4565817" startTime="2015-05-31T15:16:28.8233096+03:00" endTime="2015-05-31T15:17:07.0454958+03:00" testType="4e7599fa-5ecb-43e9-a887-cd63cf72d207" outcome="Passed" testListId="8c84fa94-04c1-424b-9868-57a2d4851a1d" relativeResultsDirectory="a788f2a1-e1d3-4482-b503-d9bdd86bf4c1">
      <ResultFiles>
        <ResultFile path="WebTest1.webtestResult" />
      </ResultFiles>
      <TestSettings name="Локальные" id="4d286b72-bf8c-47c9-bbba-cf7e371945f8">
        <Description>Это - параметры по умолчанию для локального тестового запуска.</Description>
        <Execution>
          <TestTypeSpecific>
            <WebTestRunConfiguration testTypeId="4e7599fa-5ecb-43e9-a887-cd63cf72d207">
              <Browser name="Internet Explorer 9.0" MaxConnections="6">
                <Headers>
                  <Header name="User-Agent" value="Mozilla/5.0 (compatible; MSIE 9.0; Windows NT 6.1; Trident/5.0)" />
                  <Header name="Accept" value="*/*" />
                  <Header name="Accept-Language" value="{{$IEAcceptLanguage}}" />
                  <Header name="Accept-Encoding" value="GZIP" />
                </Headers>
              </Browser>
            </WebTestRunConfiguration>
          </TestTypeSpecific>
          <AgentRule name="Execution Agents">
          </AgentRule>
        </Execution>
        <Deployment runDeploymentRoot="Dego_NASA 2015-05-31 15_16_26" />
      </TestSettings>
      <WebTestResultFilePath>Dego_NASA 2015-05-31 15_16_26\In\a788f2a1-e1d3-4482-b503-d9bdd86bf4c1\WebTest1.webtestResult</WebTestResultFilePath>
    </WebTestResult>
  </Results>
</TestRun>