<?xml version="1.0" encoding="UTF-8"?>
<TestRun id="6582a189-4348-4807-b265-c657aff806a9" name="Dego@NASA 2015-05-31 15:23:16" runUser="Nasa\Dego" xmlns="http://microsoft.com/schemas/VisualStudio/TeamTest/2010">
  <TestSettings name="Локальные" id="4d286b72-bf8c-47c9-bbba-cf7e371945f8">
    <Description>Это - параметры по умолчанию для локального тестового запуска.</Description>
    <Execution>
      <TestTypeSpecific />
      <AgentRule name="Execution Agents">
      </AgentRule>
    </Execution>
    <Deployment runDeploymentRoot="Dego_NASA 2015-05-31 15_23_16" />
  </TestSettings>
  <Times creation="2015-05-31T15:23:16.9046505+03:00" queuing="2015-05-31T15:23:17.1836665+03:00" start="2015-05-31T15:23:17.2516703+03:00" finish="2015-05-31T15:23:55.9038811+03:00" />
  <ResultSummary outcome="Completed">
    <Counters total="1" executed="1" passed="1" error="0" failed="0" timeout="0" aborted="0" inconclusive="0" passedButRunAborted="0" notRunnable="0" notExecuted="0" disconnected="0" warning="0" completed="0" inProgress="0" pending="0" />
  </ResultSummary>
  <TestDefinitions>
    <WebTest name="WebTest1" storage="c:\users\dego\documents\visual studio 2012\projects\webandloadtestproject\webandloadtestproject\webtest1.webtest" id="ceadd9b8-e6c4-422c-b004-8296cf0f30e0" persistedWebTest="77u/PD94bWwgdmVyc2lvbj0iMS4wIiBlbmNvZGluZz0iVVRGLTgiIHN0YW5kYWxvbmU9InllcyI/Pg0KPFdlYlRlc3QgTmFtZT0iV2ViVGVzdDEiIElkPSJjZWFkZDliOC1lNmM0LTQyMmMtYjAwNC04Mjk2Y2YwZjMwZTAiIE93bmVyPSIiIFByaW9yaXR5PSIyMTQ3NDgzNjQ3IiBFbmFibGVkPSJUcnVlIiBDc3NQcm9qZWN0U3RydWN0dXJlPSIiIENzc0l0ZXJhdGlvbj0iIiBUaW1lb3V0PSIwIiBXb3JrSXRlbUlkcz0iIiB4bWxucz0iaHR0cDovL21pY3Jvc29mdC5jb20vc2NoZW1hcy9WaXN1YWxTdHVkaW8vVGVhbVRlc3QvMjAxMCIgRGVzY3JpcHRpb249IiIgQ3JlZGVudGlhbFVzZXJOYW1lPSIiIENyZWRlbnRpYWxQYXNzd29yZD0iIiBQcmVBdXRoZW50aWNhdGU9IlRydWUiIFByb3h5PSIiIFN0b3BPbkVycm9yPSJGYWxzZSIgUmVjb3JkZWRSZXN1bHRGaWxlPSJXZWJUZXN0MS4xNzJhZGU5OS1jNGIwLTQ1MTctYjE5OC1kYWNlZTg0OGU5ZDEucmVjLndlYnRlc3RyZXN1bHQiPg0KICA8SXRlbXM+DQogICAgPENvbW1lbnQgQ29tbWVudFRleHQ9ItCX0LDRhdC+0LTQuNC80L4g0L3QsCDQs9C+0LvQvtCy0L3RgyDRgdGC0L7RgNGW0L3QutGDIiAvPg0KICAgIDxSZXF1ZXN0IE1ldGhvZD0iR0VUIiBHdWlkPSI0ZTc5OWJiYi1jNjQ2LTRlMGQtOTVlMi1lZmY2Y2RjNTRjZGYiIFZlcnNpb249IjEuMSIgVXJsPSJodHRwOi8vbG9jYWxob3N0OjIxODUvIiBUaGlua1RpbWU9IjIxIiBUaW1lb3V0PSIzMDAiIFBhcnNlRGVwZW5kZW50UmVxdWVzdHM9IlRydWUiIEZvbGxvd1JlZGlyZWN0cz0iVHJ1ZSIgUmVjb3JkUmVzdWx0PSJUcnVlIiBDYWNoZT0iRmFsc2UiIFJlc3BvbnNlVGltZUdvYWw9IjAiIEVuY29kaW5nPSJ1dGYtOCIgRXhwZWN0ZWRIdHRwU3RhdHVzQ29kZT0iMCIgRXhwZWN0ZWRSZXNwb25zZVVybD0iIiBSZXBvcnRpbmdOYW1lPSIiIC8+DQogICAgPENvbW1lbnQgQ29tbWVudFRleHQ9ItCX0LDRhdC+0LTQuNC80L4g0LIg0LzQtdC90Y4g0LTQu9GPINC30LDQs9Cw0LvRjNC90LjRhSDQvtC/0LXRgNCw0YbRltC5IiAvPg0KICAgIDxSZXF1ZXN0IE1ldGhvZD0iR0VUIiBHdWlkPSJlMzc1MjJiMi1lMjdlLTRmYmYtODQ5MS1lMWJlM2NjMWFmNWYiIFZlcnNpb249IjEuMSIgVXJsPSJodHRwOi8vbG9jYWxob3N0OjIxODUvSG9tZS9PdGhlckFjdGlvbnMiIFRoaW5rVGltZT0iMTEiIFRpbWVvdXQ9IjMwMCIgUGFyc2VEZXBlbmRlbnRSZXF1ZXN0cz0iVHJ1ZSIgRm9sbG93UmVkaXJlY3RzPSJUcnVlIiBSZWNvcmRSZXN1bHQ9IlRydWUiIENhY2hlPSJGYWxzZSIgUmVzcG9uc2VUaW1lR29hbD0iMCIgRW5jb2Rpbmc9InV0Zi04IiBFeHBlY3RlZEh0dHBTdGF0dXNDb2RlPSIwIiBFeHBlY3RlZFJlc3BvbnNlVXJsPSIiIFJlcG9ydGluZ05hbWU9IiI+DQogICAgICA8RXh0cmFjdGlvblJ1bGVzPg0KICAgICAgICA8RXh0cmFjdGlvblJ1bGUgQ2xhc3NuYW1lPSJNaWNyb3NvZnQuVmlzdWFsU3R1ZGlvLlRlc3RUb29scy5XZWJUZXN0aW5nLlJ1bGVzLkV4dHJhY3RIaWRkZW5GaWVsZHMsIE1pY3Jvc29mdC5WaXN1YWxTdHVkaW8uUXVhbGl0eVRvb2xzLldlYlRlc3RGcmFtZXdvcmssIFZlcnNpb249MTAuMC4wLjAsIEN1bHR1cmU9bmV1dHJhbCwgUHVibGljS2V5VG9rZW49YjAzZjVmN2YxMWQ1MGEzYSIgVmFyaWFibGVOYW1lPSIxIiBEaXNwbGF5TmFtZT0i0JjQt9Cy0LvQtdGH0Ywg0YHQutGA0YvRgtGL0LUg0L/QvtC70Y8iIERlc2NyaXB0aW9uPSLQmNC30LLQu9C10LrQuNGC0LUg0LLRgdC1INGB0LrRgNGL0YLRi9C1INC/0L7Qu9GPINC40Lcg0L7RgtCy0LXRgtCwINC4INC/0L7QvNC10YHRgtC40YLQtSDQuNGFINCyINC60L7QvdGC0LXQutGB0YIg0YLQtdGB0YLQsC4iPg0KICAgICAgICAgIDxSdWxlUGFyYW1ldGVycz4NCiAgICAgICAgICAgIDxSdWxlUGFyYW1ldGVyIE5hbWU9IlJlcXVpcmVkIiBWYWx1ZT0iVHJ1ZSIgLz4NCiAgICAgICAgICAgIDxSdWxlUGFyYW1ldGVyIE5hbWU9Ikh0bWxEZWNvZGUiIFZhbHVlPSJUcnVlIiAvPg0KICAgICAgICAgIDwvUnVsZVBhcmFtZXRlcnM+DQogICAgICAgIDwvRXh0cmFjdGlvblJ1bGU+DQogICAgICA8L0V4dHJhY3Rpb25SdWxlcz4NCiAgICA8L1JlcXVlc3Q+DQogICAgPENvbW1lbnQgQ29tbWVudFRleHQ9ItCS0LjQutC70Y7Rh9Cw0ZTQvNC+INCy0YHRliDQu9Cw0LzQv9C+0YfQutC4KDcg0YjRgtGD0LopIiAvPg0KICAgIDxSZXF1ZXN0IE1ldGhvZD0iUE9TVCIgR3VpZD0iZDllYTQyNzEtMTU4ZC00YzNhLThkZGMtMGYxZTAwOTg0ZWE4IiBWZXJzaW9uPSIxLjEiIFVybD0iaHR0cDovL2xvY2FsaG9zdDoyMTg1L0hvbWUvRGV2aWNlR2xvYmFsQWN0aW9uIiBUaGlua1RpbWU9IjYiIFRpbWVvdXQ9IjMwMCIgUGFyc2VEZXBlbmRlbnRSZXF1ZXN0cz0iVHJ1ZSIgRm9sbG93UmVkaXJlY3RzPSJUcnVlIiBSZWNvcmRSZXN1bHQ9IlRydWUiIENhY2hlPSJGYWxzZSIgUmVzcG9uc2VUaW1lR29hbD0iMCIgRW5jb2Rpbmc9InV0Zi04IiBFeHBlY3RlZEh0dHBTdGF0dXNDb2RlPSIwIiBFeHBlY3RlZFJlc3BvbnNlVXJsPSIiIFJlcG9ydGluZ05hbWU9IiI+DQogICAgICA8Rm9ybVBvc3RIdHRwQm9keT4NCiAgICAgICAgPEZvcm1Qb3N0UGFyYW1ldGVyIE5hbWU9InR5cGUiIFZhbHVlPSJ7eyRISURERU4xLnR5cGV9fSIgUmVjb3JkZWRWYWx1ZT0iTGFtcCIgQ29ycmVsYXRpb25CaW5kaW5nPSIiIFVybEVuY29kZT0iVHJ1ZSIgLz4NCiAgICAgICAgPEZvcm1Qb3N0UGFyYW1ldGVyIE5hbWU9IkFjdGlvbiIgVmFsdWU9Int7JEhJRERFTjEuQWN0aW9ufX0iIFJlY29yZGVkVmFsdWU9Ik9GRiIgQ29ycmVsYXRpb25CaW5kaW5nPSIiIFVybEVuY29kZT0iVHJ1ZSIgLz4NCiAgICAgICAgPEZvcm1Qb3N0UGFyYW1ldGVyIE5hbWU9IlBhcmFtZXRyIiBWYWx1ZT0ie3skSElEREVOMS5QYXJhbWV0cn19IiBSZWNvcmRlZFZhbHVlPSJudWxsLyIgQ29ycmVsYXRpb25CaW5kaW5nPSIiIFVybEVuY29kZT0iVHJ1ZSIgLz4NCiAgICAgICAgPEZvcm1Qb3N0UGFyYW1ldGVyIE5hbWU9IlgtUmVxdWVzdGVkLVdpdGgiIFZhbHVlPSJYTUxIdHRwUmVxdWVzdCIgUmVjb3JkZWRWYWx1ZT0iWE1MSHR0cFJlcXVlc3QiIENvcnJlbGF0aW9uQmluZGluZz0iIiBVcmxFbmNvZGU9IlRydWUiIC8+DQogICAgICA8L0Zvcm1Qb3N0SHR0cEJvZHk+DQogICAgPC9SZXF1ZXN0Pg0KICAgIDxDb21tZW50IENvbW1lbnRUZXh0PSLQktC60LvRjtGH0LDRlNC8IDIg0LvQsNC80L/QvtGH0LrQuCIgLz4NCiAgICA8UmVxdWVzdCBNZXRob2Q9IlBPU1QiIEd1aWQ9IjA2NDk5M2I0LTc4YjQtNDFlMC04YTg0LWYzYTM5NWQ0YzgwZiIgVmVyc2lvbj0iMS4xIiBVcmw9Imh0dHA6Ly9sb2NhbGhvc3Q6MjE4NS9Ib21lL0RldmljZUFjdGlvbkxhbXAiIFRoaW5rVGltZT0iMCIgVGltZW91dD0iMzAwIiBQYXJzZURlcGVuZGVudFJlcXVlc3RzPSJUcnVlIiBGb2xsb3dSZWRpcmVjdHM9IlRydWUiIFJlY29yZFJlc3VsdD0iVHJ1ZSIgQ2FjaGU9IkZhbHNlIiBSZXNwb25zZVRpbWVHb2FsPSIwIiBFbmNvZGluZz0idXRmLTgiIEV4cGVjdGVkSHR0cFN0YXR1c0NvZGU9IjAiIEV4cGVjdGVkUmVzcG9uc2VVcmw9IiIgUmVwb3J0aW5nTmFtZT0iIj4NCiAgICAgIDxGb3JtUG9zdEh0dHBCb2R5Pg0KICAgICAgICA8Rm9ybVBvc3RQYXJhbWV0ZXIgTmFtZT0iSUQiIFZhbHVlPSJ7eyRISURERU4xLklEfX0iIFJlY29yZGVkVmFsdWU9IjEiIENvcnJlbGF0aW9uQmluZGluZz0iIiBVcmxFbmNvZGU9IlRydWUiIC8+DQogICAgICAgIDxGb3JtUG9zdFBhcmFtZXRlciBOYW1lPSJ0eXBlIiBWYWx1ZT0ie3skSElEREVOMS50eXBlfX0iIFJlY29yZGVkVmFsdWU9IkxhbXAiIENvcnJlbGF0aW9uQmluZGluZz0iIiBVcmxFbmNvZGU9IlRydWUiIC8+DQogICAgICAgIDxGb3JtUG9zdFBhcmFtZXRlciBOYW1lPSJBY3Rpb24iIFZhbHVlPSJ7eyRISURERU4xLkFjdGlvbn19IiBSZWNvcmRlZFZhbHVlPSJPTiIgQ29ycmVsYXRpb25CaW5kaW5nPSIiIFVybEVuY29kZT0iVHJ1ZSIgLz4NCiAgICAgICAgPEZvcm1Qb3N0UGFyYW1ldGVyIE5hbWU9IlBhcmFtZXRyIiBWYWx1ZT0ie3skSElEREVOMS5QYXJhbWV0cn19IiBSZWNvcmRlZFZhbHVlPSJudWxsLyIgQ29ycmVsYXRpb25CaW5kaW5nPSIiIFVybEVuY29kZT0iVHJ1ZSIgLz4NCiAgICAgICAgPEZvcm1Qb3N0UGFyYW1ldGVyIE5hbWU9IlgtUmVxdWVzdGVkLVdpdGgiIFZhbHVlPSJYTUxIdHRwUmVxdWVzdCIgUmVjb3JkZWRWYWx1ZT0iWE1MSHR0cFJlcXVlc3QiIENvcnJlbGF0aW9uQmluZGluZz0iIiBVcmxFbmNvZGU9IlRydWUiIC8+DQogICAgICA8L0Zvcm1Qb3N0SHR0cEJvZHk+DQogICAgPC9SZXF1ZXN0Pg0KICAgIDxSZXF1ZXN0IE1ldGhvZD0iUE9TVCIgR3VpZD0iOTdkOTExODktYjZjYS00ZDljLTgxZTktYzBkMDVlZGFhYjI0IiBWZXJzaW9uPSIxLjEiIFVybD0iaHR0cDovL2xvY2FsaG9zdDoyMTg1L0hvbWUvRGV2aWNlQWN0aW9uTGFtcCIgVGhpbmtUaW1lPSIwIiBUaW1lb3V0PSIzMDAiIFBhcnNlRGVwZW5kZW50UmVxdWVzdHM9IlRydWUiIEZvbGxvd1JlZGlyZWN0cz0iVHJ1ZSIgUmVjb3JkUmVzdWx0PSJUcnVlIiBDYWNoZT0iRmFsc2UiIFJlc3BvbnNlVGltZUdvYWw9IjAiIEVuY29kaW5nPSJ1dGYtOCIgRXhwZWN0ZWRIdHRwU3RhdHVzQ29kZT0iMCIgRXhwZWN0ZWRSZXNwb25zZVVybD0iIiBSZXBvcnRpbmdOYW1lPSIiPg0KICAgICAgPEZvcm1Qb3N0SHR0cEJvZHk+DQogICAgICAgIDxGb3JtUG9zdFBhcmFtZXRlciBOYW1lPSJJRCIgVmFsdWU9Int7JEhJRERFTjEuSUR9fSIgUmVjb3JkZWRWYWx1ZT0iMiIgQ29ycmVsYXRpb25CaW5kaW5nPSIiIFVybEVuY29kZT0iVHJ1ZSIgLz4NCiAgICAgICAgPEZvcm1Qb3N0UGFyYW1ldGVyIE5hbWU9InR5cGUiIFZhbHVlPSJ7eyRISURERU4xLnR5cGV9fSIgUmVjb3JkZWRWYWx1ZT0iTGFtcCIgQ29ycmVsYXRpb25CaW5kaW5nPSIiIFVybEVuY29kZT0iVHJ1ZSIgLz4NCiAgICAgICAgPEZvcm1Qb3N0UGFyYW1ldGVyIE5hbWU9IkFjdGlvbiIgVmFsdWU9Int7JEhJRERFTjEuQWN0aW9ufX0iIFJlY29yZGVkVmFsdWU9Ik9OIiBDb3JyZWxhdGlvbkJpbmRpbmc9IiIgVXJsRW5jb2RlPSJUcnVlIiAvPg0KICAgICAgICA8Rm9ybVBvc3RQYXJhbWV0ZXIgTmFtZT0iUGFyYW1ldHIiIFZhbHVlPSJ7eyRISURERU4xLlBhcmFtZXRyfX0iIFJlY29yZGVkVmFsdWU9Im51bGwvIiBDb3JyZWxhdGlvbkJpbmRpbmc9IiIgVXJsRW5jb2RlPSJUcnVlIiAvPg0KICAgICAgICA8Rm9ybVBvc3RQYXJhbWV0ZXIgTmFtZT0iWC1SZXF1ZXN0ZWQtV2l0aCIgVmFsdWU9IlhNTEh0dHBSZXF1ZXN0IiBSZWNvcmRlZFZhbHVlPSJYTUxIdHRwUmVxdWVzdCIgQ29ycmVsYXRpb25CaW5kaW5nPSIiIFVybEVuY29kZT0iVHJ1ZSIgLz4NCiAgICAgIDwvRm9ybVBvc3RIdHRwQm9keT4NCiAgICA8L1JlcXVlc3Q+DQogIDwvSXRlbXM+DQogIDxWYWxpZGF0aW9uUnVsZXM+DQogICAgPFZhbGlkYXRpb25SdWxlIENsYXNzbmFtZT0iTWljcm9zb2Z0LlZpc3VhbFN0dWRpby5UZXN0VG9vbHMuV2ViVGVzdGluZy5SdWxlcy5WYWxpZGF0ZVJlc3BvbnNlVXJsLCBNaWNyb3NvZnQuVmlzdWFsU3R1ZGlvLlF1YWxpdHlUb29scy5XZWJUZXN0RnJhbWV3b3JrLCBWZXJzaW9uPTEwLjAuMC4wLCBDdWx0dXJlPW5ldXRyYWwsIFB1YmxpY0tleVRva2VuPWIwM2Y1ZjdmMTFkNTBhM2EiIERpc3BsYXlOYW1lPSJVUkwt0LDQtNGA0LXRgSDQvtGC0LLQtdGC0LAiIERlc2NyaXB0aW9uPSLQn9GA0L7QstC10YDQutCwINGC0L7Qs9C+LCDRh9GC0L4gVVJMLdCw0LTRgNC10YEg0L7RgtCy0LXRgtCwINC/0L7RgdC70LUg0LLRi9C/0L7Qu9C90LXQvdC40Y8g0L/QtdGA0LXQvdCw0L/RgNCw0LLQu9C10L3QuNC5INGC0LDQutC+0Lkg0LbQtSwg0LrQsNC6INC30LDQv9C40YHQsNC90L3Ri9C5IFVSTC3QsNC00YDQtdGBINC+0YLQstC10YLQsC4g0J/QsNGA0LDQvNC10YLRgNGLIFF1ZXJ5U3RyaW5nINC40LPQvdC+0YDQuNGA0YPRjtGC0YHRjy4iIExldmVsPSJMb3ciIEV4ZWN0dWlvbk9yZGVyPSJCZWZvcmVEZXBlbmRlbnRzIiAvPg0KICAgIDxWYWxpZGF0aW9uUnVsZSBDbGFzc25hbWU9Ik1pY3Jvc29mdC5WaXN1YWxTdHVkaW8uVGVzdFRvb2xzLldlYlRlc3RpbmcuUnVsZXMuVmFsaWRhdGlvblJ1bGVSZXNwb25zZVRpbWVHb2FsLCBNaWNyb3NvZnQuVmlzdWFsU3R1ZGlvLlF1YWxpdHlUb29scy5XZWJUZXN0RnJhbWV3b3JrLCBWZXJzaW9uPTEwLjAuMC4wLCBDdWx0dXJlPW5ldXRyYWwsIFB1YmxpY0tleVRva2VuPWIwM2Y1ZjdmMTFkNTBhM2EiIERpc3BsYXlOYW1lPSLQptC10LvRjCDQstGA0LXQvNC10L3QuCDQvtGC0LLQtdGC0LAiIERlc2NyaXB0aW9uPSLQn9GA0L7QstC10YDQutCwINC90LAg0L/RgNC10LLRi9GI0LXQvdC40LUg0LLRgNC10LzQtdC90LXQvCDQvtGC0LLQtdGC0LAg0L3QsCDQt9Cw0L/RgNC+0YEg0Y3RgtCw0LvQvtC90LAg0LLRgNC10LzQtdC90Lgg0L7RgtCy0LXRgtCwLCDRg9C60LDQt9Cw0L3QvdC+0LPQviDQsiDQt9Cw0L/RgNC+0YHQtS4g0KbQtdC70Lgg0LLRgNC10LzQtdC90Lgg0L7RgtCy0LXRgtCwLCDRgNCw0LLQvdGL0LUg0L3Rg9C70Y4sINCx0YPQtNGD0YIg0L/RgNC+0L/Rg9GJ0LXQvdGLLiIgTGV2ZWw9IkxvdyIgRXhlY3R1aW9uT3JkZXI9IkFmdGVyRGVwZW5kZW50cyI+DQogICAgICA8UnVsZVBhcmFtZXRlcnM+DQogICAgICAgIDxSdWxlUGFyYW1ldGVyIE5hbWU9IlRvbGVyYW5jZSIgVmFsdWU9IjAiIC8+DQogICAgICA8L1J1bGVQYXJhbWV0ZXJzPg0KICAgIDwvVmFsaWRhdGlvblJ1bGU+DQogIDwvVmFsaWRhdGlvblJ1bGVzPg0KPC9XZWJUZXN0Pg==">
      <Execution id="118459f7-4f5a-4b00-b95b-1eea0e20c495" />
    </WebTest>
  </TestDefinitions>
  <TestLists>
    <TestList name="Отсутствующие в списке результаты" id="8c84fa94-04c1-424b-9868-57a2d4851a1d" />
    <TestList name="Все загруженные результаты" id="19431567-8539-422a-85d7-44ee4e166bda" />
  </TestLists>
  <TestEntries>
    <TestEntry isTransparent="false" testId="ceadd9b8-e6c4-422c-b004-8296cf0f30e0" executionId="118459f7-4f5a-4b00-b95b-1eea0e20c495" testListId="8c84fa94-04c1-424b-9868-57a2d4851a1d" />
  </TestEntries>
  <Results>
    <WebTestResult executionId="118459f7-4f5a-4b00-b95b-1eea0e20c495" testId="ceadd9b8-e6c4-422c-b004-8296cf0f30e0" testName="WebTest1" computerName="NASA" duration="00:00:27.9257240" startTime="2015-05-31T15:23:17.3246745+03:00" endTime="2015-05-31T15:23:55.8678791+03:00" testType="4e7599fa-5ecb-43e9-a887-cd63cf72d207" outcome="Passed" testListId="8c84fa94-04c1-424b-9868-57a2d4851a1d" relativeResultsDirectory="118459f7-4f5a-4b00-b95b-1eea0e20c495">
      <ResultFiles>
        <ResultFile path="WebTest1.webtestResult" />
      </ResultFiles>
      <TestSettings name="Локальные" id="4d286b72-bf8c-47c9-bbba-cf7e371945f8">
        <Description>Это - параметры по умолчанию для локального тестового запуска.</Description>
        <Execution>
          <TestTypeSpecific>
            <WebTestRunConfiguration testTypeId="4e7599fa-5ecb-43e9-a887-cd63cf72d207">
              <Browser name="Internet Explorer 9.0" MaxConnections="6">
                <Headers>
                  <Header name="User-Agent" value="Mozilla/5.0 (compatible; MSIE 9.0; Windows NT 6.1; Trident/5.0)" />
                  <Header name="Accept" value="*/*" />
                  <Header name="Accept-Language" value="{{$IEAcceptLanguage}}" />
                  <Header name="Accept-Encoding" value="GZIP" />
                </Headers>
              </Browser>
            </WebTestRunConfiguration>
          </TestTypeSpecific>
          <AgentRule name="Execution Agents">
          </AgentRule>
        </Execution>
        <Deployment runDeploymentRoot="Dego_NASA 2015-05-31 15_23_16" />
      </TestSettings>
      <WebTestResultFilePath>Dego_NASA 2015-05-31 15_23_16\In\118459f7-4f5a-4b00-b95b-1eea0e20c495\WebTest1.webtestResult</WebTestResultFilePath>
    </WebTestResult>
  </Results>
</TestRun>