<?xml version="1.0" encoding="UTF-8"?>
<TestRun id="9661ab99-d8c2-45ae-9a8b-3f3bed505171" name="Dego@NASA 2015-06-11 11:09:59" runUser="Nasa\Dego" xmlns="http://microsoft.com/schemas/VisualStudio/TeamTest/2010">
  <TestSettings name="Локальные" id="53fd9510-db03-4e9e-849d-1f18d88a4e4f">
    <Description>Это - параметры по умолчанию для локального тестового запуска.</Description>
    <Execution>
      <TestTypeSpecific />
      <AgentRule name="Execution Agents">
      </AgentRule>
    </Execution>
    <Deployment runDeploymentRoot="Dego_NASA 2015-06-11 11_09_59" />
  </TestSettings>
  <Times creation="2015-06-11T11:09:59.0544638+03:00" queuing="2015-06-11T11:10:01.7236165+03:00" start="2015-06-11T11:10:01.7956206+03:00" finish="2015-06-11T11:10:36.2435909+03:00" />
  <ResultSummary outcome="Completed">
    <Counters total="1" executed="1" passed="1" error="0" failed="0" timeout="0" aborted="0" inconclusive="0" passedButRunAborted="0" notRunnable="0" notExecuted="0" disconnected="0" warning="0" completed="0" inProgress="0" pending="0" />
  </ResultSummary>
  <TestDefinitions>
    <WebTest name="WebTest1" storage="c:\users\dego\desktop\smrthome\smarthomeasync\webandloadtestproject\webandloadtestproject\webtest1.webtest" id="878c1a08-07b4-4bb7-a5ed-39f8bba457d0" persistedWebTest="77u/PD94bWwgdmVyc2lvbj0iMS4wIiBlbmNvZGluZz0iVVRGLTgiIHN0YW5kYWxvbmU9InllcyI/Pg0KPFdlYlRlc3QgTmFtZT0iV2ViVGVzdDEiIElkPSI4NzhjMWEwOC0wN2I0LTRiYjctYTVlZC0zOWY4YmJhNDU3ZDAiIE93bmVyPSIiIFByaW9yaXR5PSIyMTQ3NDgzNjQ3IiBFbmFibGVkPSJUcnVlIiBDc3NQcm9qZWN0U3RydWN0dXJlPSIiIENzc0l0ZXJhdGlvbj0iIiBUaW1lb3V0PSIwIiBXb3JrSXRlbUlkcz0iIiB4bWxucz0iaHR0cDovL21pY3Jvc29mdC5jb20vc2NoZW1hcy9WaXN1YWxTdHVkaW8vVGVhbVRlc3QvMjAxMCIgRGVzY3JpcHRpb249IiIgQ3JlZGVudGlhbFVzZXJOYW1lPSIiIENyZWRlbnRpYWxQYXNzd29yZD0iIiBQcmVBdXRoZW50aWNhdGU9IlRydWUiIFByb3h5PSIiIFN0b3BPbkVycm9yPSJGYWxzZSIgUmVjb3JkZWRSZXN1bHRGaWxlPSJXZWJUZXN0MS4wN2ZlYzM2MC03Zjc1LTRjNmMtYjg5My00Yjc2MTUzMDcyMjEucmVjLndlYnRlc3RyZXN1bHQiPg0KICA8SXRlbXM+DQogICAgPFJlcXVlc3QgTWV0aG9kPSJHRVQiIEd1aWQ9IjFhM2FlYTdjLTgwM2EtNGUyNC04MjA3LTU2ZTVhMTI2YzY4NCIgVmVyc2lvbj0iMS4xIiBVcmw9Imh0dHA6Ly9sb2NhbGhvc3Q6MjE4NS8iIFRoaW5rVGltZT0iMTEiIFRpbWVvdXQ9IjMwMCIgUGFyc2VEZXBlbmRlbnRSZXF1ZXN0cz0iVHJ1ZSIgRm9sbG93UmVkaXJlY3RzPSJUcnVlIiBSZWNvcmRSZXN1bHQ9IlRydWUiIENhY2hlPSJGYWxzZSIgUmVzcG9uc2VUaW1lR29hbD0iMCIgRW5jb2Rpbmc9InV0Zi04IiBFeHBlY3RlZEh0dHBTdGF0dXNDb2RlPSIwIiBFeHBlY3RlZFJlc3BvbnNlVXJsPSIiIFJlcG9ydGluZ05hbWU9IiIgLz4NCiAgICA8Q29tbWVudCBDb21tZW50VGV4dD0i0JfQsNGF0L7QtNC40LzQviDQsiDQvNC10L3RjiDQtNC70Y8g0LfQsNCz0LDQu9GM0L3QuNGFINC+0L/RhtGW0LkiIC8+DQogICAgPFJlcXVlc3QgTWV0aG9kPSJHRVQiIEd1aWQ9Ijc1MzA4MTM5LWUyMGEtNGIxNi1iNDlhLWM2YjVmY2MzMjI0ZSIgVmVyc2lvbj0iMS4xIiBVcmw9Imh0dHA6Ly9sb2NhbGhvc3Q6MjE4NS9Ib21lL090aGVyQWN0aW9ucyIgVGhpbmtUaW1lPSIxNSIgVGltZW91dD0iMzAwIiBQYXJzZURlcGVuZGVudFJlcXVlc3RzPSJUcnVlIiBGb2xsb3dSZWRpcmVjdHM9IlRydWUiIFJlY29yZFJlc3VsdD0iVHJ1ZSIgQ2FjaGU9IkZhbHNlIiBSZXNwb25zZVRpbWVHb2FsPSIwIiBFbmNvZGluZz0idXRmLTgiIEV4cGVjdGVkSHR0cFN0YXR1c0NvZGU9IjAiIEV4cGVjdGVkUmVzcG9uc2VVcmw9IiIgUmVwb3J0aW5nTmFtZT0iIj4NCiAgICAgIDxFeHRyYWN0aW9uUnVsZXM+DQogICAgICAgIDxFeHRyYWN0aW9uUnVsZSBDbGFzc25hbWU9Ik1pY3Jvc29mdC5WaXN1YWxTdHVkaW8uVGVzdFRvb2xzLldlYlRlc3RpbmcuUnVsZXMuRXh0cmFjdEhpZGRlbkZpZWxkcywgTWljcm9zb2Z0LlZpc3VhbFN0dWRpby5RdWFsaXR5VG9vbHMuV2ViVGVzdEZyYW1ld29yaywgVmVyc2lvbj0xMC4wLjAuMCwgQ3VsdHVyZT1uZXV0cmFsLCBQdWJsaWNLZXlUb2tlbj1iMDNmNWY3ZjExZDUwYTNhIiBWYXJpYWJsZU5hbWU9IjEiIERpc3BsYXlOYW1lPSLQmNC30LLQu9C10YfRjCDRgdC60YDRi9GC0YvQtSDQv9C+0LvRjyIgRGVzY3JpcHRpb249ItCY0LfQstC70LXQutC40YLQtSDQstGB0LUg0YHQutGA0YvRgtGL0LUg0L/QvtC70Y8g0LjQtyDQvtGC0LLQtdGC0LAg0Lgg0L/QvtC80LXRgdGC0LjRgtC1INC40YUg0LIg0LrQvtC90YLQtdC60YHRgiDRgtC10YHRgtCwLiI+DQogICAgICAgICAgPFJ1bGVQYXJhbWV0ZXJzPg0KICAgICAgICAgICAgPFJ1bGVQYXJhbWV0ZXIgTmFtZT0iUmVxdWlyZWQiIFZhbHVlPSJUcnVlIiAvPg0KICAgICAgICAgICAgPFJ1bGVQYXJhbWV0ZXIgTmFtZT0iSHRtbERlY29kZSIgVmFsdWU9IlRydWUiIC8+DQogICAgICAgICAgPC9SdWxlUGFyYW1ldGVycz4NCiAgICAgICAgPC9FeHRyYWN0aW9uUnVsZT4NCiAgICAgIDwvRXh0cmFjdGlvblJ1bGVzPg0KICAgIDwvUmVxdWVzdD4NCiAgICA8Q29tbWVudCBDb21tZW50VGV4dD0i0JLQuNC60LvRjtGH0LDRlNC80L4g0LLRgdGWINC70LDQvNC/0L7Rh9C60LgoNyDRiNGC0YPQuikiIC8+DQogICAgPFJlcXVlc3QgTWV0aG9kPSJQT1NUIiBHdWlkPSJmMzM5ZjNkZS00ZDNlLTQyMGEtOWJkYi00MjQzODlmNmI2YTciIFZlcnNpb249IjEuMSIgVXJsPSJodHRwOi8vbG9jYWxob3N0OjIxODUvSG9tZS9EZXZpY2VHbG9iYWxBY3Rpb24iIFRoaW5rVGltZT0iMTEiIFRpbWVvdXQ9IjMwMCIgUGFyc2VEZXBlbmRlbnRSZXF1ZXN0cz0iVHJ1ZSIgRm9sbG93UmVkaXJlY3RzPSJUcnVlIiBSZWNvcmRSZXN1bHQ9IlRydWUiIENhY2hlPSJGYWxzZSIgUmVzcG9uc2VUaW1lR29hbD0iMCIgRW5jb2Rpbmc9InV0Zi04IiBFeHBlY3RlZEh0dHBTdGF0dXNDb2RlPSIwIiBFeHBlY3RlZFJlc3BvbnNlVXJsPSIiIFJlcG9ydGluZ05hbWU9IiI+DQogICAgICA8Rm9ybVBvc3RIdHRwQm9keT4NCiAgICAgICAgPEZvcm1Qb3N0UGFyYW1ldGVyIE5hbWU9InR5cGUiIFZhbHVlPSJ7eyRISURERU4xLnR5cGV9fSIgUmVjb3JkZWRWYWx1ZT0iTGFtcCIgQ29ycmVsYXRpb25CaW5kaW5nPSIiIFVybEVuY29kZT0iVHJ1ZSIgLz4NCiAgICAgICAgPEZvcm1Qb3N0UGFyYW1ldGVyIE5hbWU9IkFjdGlvbiIgVmFsdWU9Int7JEhJRERFTjEuQWN0aW9ufX0iIFJlY29yZGVkVmFsdWU9Ik9GRiIgQ29ycmVsYXRpb25CaW5kaW5nPSIiIFVybEVuY29kZT0iVHJ1ZSIgLz4NCiAgICAgICAgPEZvcm1Qb3N0UGFyYW1ldGVyIE5hbWU9IlBhcmFtZXRyIiBWYWx1ZT0ie3skSElEREVOMS5QYXJhbWV0cn19IiBSZWNvcmRlZFZhbHVlPSJudWxsLyIgQ29ycmVsYXRpb25CaW5kaW5nPSIiIFVybEVuY29kZT0iVHJ1ZSIgLz4NCiAgICAgICAgPEZvcm1Qb3N0UGFyYW1ldGVyIE5hbWU9IlgtUmVxdWVzdGVkLVdpdGgiIFZhbHVlPSJYTUxIdHRwUmVxdWVzdCIgUmVjb3JkZWRWYWx1ZT0iWE1MSHR0cFJlcXVlc3QiIENvcnJlbGF0aW9uQmluZGluZz0iIiBVcmxFbmNvZGU9IlRydWUiIC8+DQogICAgICA8L0Zvcm1Qb3N0SHR0cEJvZHk+DQogICAgPC9SZXF1ZXN0Pg0KICAgIDxDb21tZW50IENvbW1lbnRUZXh0PSLQktC60LvRjtGH0LDRlNC8IDIg0LvQsNC80L/QvtGH0LrQuCIgLz4NCiAgICA8UmVxdWVzdCBNZXRob2Q9IlBPU1QiIEd1aWQ9ImM5YzZlYmZmLTM2YzktNDBkMC05OTYyLTAyYThmMDVmZmMzZCIgVmVyc2lvbj0iMS4xIiBVcmw9Imh0dHA6Ly9sb2NhbGhvc3Q6MjE4NS9Ib21lL0RldmljZUFjdGlvbkxhbXAiIFRoaW5rVGltZT0iMCIgVGltZW91dD0iMzAwIiBQYXJzZURlcGVuZGVudFJlcXVlc3RzPSJUcnVlIiBGb2xsb3dSZWRpcmVjdHM9IlRydWUiIFJlY29yZFJlc3VsdD0iVHJ1ZSIgQ2FjaGU9IkZhbHNlIiBSZXNwb25zZVRpbWVHb2FsPSIwIiBFbmNvZGluZz0idXRmLTgiIEV4cGVjdGVkSHR0cFN0YXR1c0NvZGU9IjAiIEV4cGVjdGVkUmVzcG9uc2VVcmw9IiIgUmVwb3J0aW5nTmFtZT0iIj4NCiAgICAgIDxGb3JtUG9zdEh0dHBCb2R5Pg0KICAgICAgICA8Rm9ybVBvc3RQYXJhbWV0ZXIgTmFtZT0iSUQiIFZhbHVlPSJ7eyRISURERU4xLklEfX0iIFJlY29yZGVkVmFsdWU9IjEiIENvcnJlbGF0aW9uQmluZGluZz0iIiBVcmxFbmNvZGU9IlRydWUiIC8+DQogICAgICAgIDxGb3JtUG9zdFBhcmFtZXRlciBOYW1lPSJ0eXBlIiBWYWx1ZT0ie3skSElEREVOMS50eXBlfX0iIFJlY29yZGVkVmFsdWU9IkxhbXAiIENvcnJlbGF0aW9uQmluZGluZz0iIiBVcmxFbmNvZGU9IlRydWUiIC8+DQogICAgICAgIDxGb3JtUG9zdFBhcmFtZXRlciBOYW1lPSJBY3Rpb24iIFZhbHVlPSJ7eyRISURERU4xLkFjdGlvbn19IiBSZWNvcmRlZFZhbHVlPSJPTiIgQ29ycmVsYXRpb25CaW5kaW5nPSIiIFVybEVuY29kZT0iVHJ1ZSIgLz4NCiAgICAgICAgPEZvcm1Qb3N0UGFyYW1ldGVyIE5hbWU9IlBhcmFtZXRyIiBWYWx1ZT0ie3skSElEREVOMS5QYXJhbWV0cn19IiBSZWNvcmRlZFZhbHVlPSJudWxsLyIgQ29ycmVsYXRpb25CaW5kaW5nPSIiIFVybEVuY29kZT0iVHJ1ZSIgLz4NCiAgICAgICAgPEZvcm1Qb3N0UGFyYW1ldGVyIE5hbWU9IlgtUmVxdWVzdGVkLVdpdGgiIFZhbHVlPSJYTUxIdHRwUmVxdWVzdCIgUmVjb3JkZWRWYWx1ZT0iWE1MSHR0cFJlcXVlc3QiIENvcnJlbGF0aW9uQmluZGluZz0iIiBVcmxFbmNvZGU9IlRydWUiIC8+DQogICAgICA8L0Zvcm1Qb3N0SHR0cEJvZHk+DQogICAgPC9SZXF1ZXN0Pg0KICAgIDxSZXF1ZXN0IE1ldGhvZD0iUE9TVCIgR3VpZD0iZWU0ZjdiNjAtYmU1Mi00NzZiLWE4Y2YtNGM0ZDY5NDNjZmE4IiBWZXJzaW9uPSIxLjEiIFVybD0iaHR0cDovL2xvY2FsaG9zdDoyMTg1L0hvbWUvRGV2aWNlQWN0aW9uTGFtcCIgVGhpbmtUaW1lPSIwIiBUaW1lb3V0PSIzMDAiIFBhcnNlRGVwZW5kZW50UmVxdWVzdHM9IlRydWUiIEZvbGxvd1JlZGlyZWN0cz0iVHJ1ZSIgUmVjb3JkUmVzdWx0PSJUcnVlIiBDYWNoZT0iRmFsc2UiIFJlc3BvbnNlVGltZUdvYWw9IjAiIEVuY29kaW5nPSJ1dGYtOCIgRXhwZWN0ZWRIdHRwU3RhdHVzQ29kZT0iMCIgRXhwZWN0ZWRSZXNwb25zZVVybD0iIiBSZXBvcnRpbmdOYW1lPSIiPg0KICAgICAgPEZvcm1Qb3N0SHR0cEJvZHk+DQogICAgICAgIDxGb3JtUG9zdFBhcmFtZXRlciBOYW1lPSJJRCIgVmFsdWU9Int7JEhJRERFTjEuSUR9fSIgUmVjb3JkZWRWYWx1ZT0iMiIgQ29ycmVsYXRpb25CaW5kaW5nPSIiIFVybEVuY29kZT0iVHJ1ZSIgLz4NCiAgICAgICAgPEZvcm1Qb3N0UGFyYW1ldGVyIE5hbWU9InR5cGUiIFZhbHVlPSJ7eyRISURERU4xLnR5cGV9fSIgUmVjb3JkZWRWYWx1ZT0iTGFtcCIgQ29ycmVsYXRpb25CaW5kaW5nPSIiIFVybEVuY29kZT0iVHJ1ZSIgLz4NCiAgICAgICAgPEZvcm1Qb3N0UGFyYW1ldGVyIE5hbWU9IkFjdGlvbiIgVmFsdWU9Int7JEhJRERFTjEuQWN0aW9ufX0iIFJlY29yZGVkVmFsdWU9Ik9OIiBDb3JyZWxhdGlvbkJpbmRpbmc9IiIgVXJsRW5jb2RlPSJUcnVlIiAvPg0KICAgICAgICA8Rm9ybVBvc3RQYXJhbWV0ZXIgTmFtZT0iUGFyYW1ldHIiIFZhbHVlPSJ7eyRISURERU4xLlBhcmFtZXRyfX0iIFJlY29yZGVkVmFsdWU9Im51bGwvIiBDb3JyZWxhdGlvbkJpbmRpbmc9IiIgVXJsRW5jb2RlPSJUcnVlIiAvPg0KICAgICAgICA8Rm9ybVBvc3RQYXJhbWV0ZXIgTmFtZT0iWC1SZXF1ZXN0ZWQtV2l0aCIgVmFsdWU9IlhNTEh0dHBSZXF1ZXN0IiBSZWNvcmRlZFZhbHVlPSJYTUxIdHRwUmVxdWVzdCIgQ29ycmVsYXRpb25CaW5kaW5nPSIiIFVybEVuY29kZT0iVHJ1ZSIgLz4NCiAgICAgIDwvRm9ybVBvc3RIdHRwQm9keT4NCiAgICA8L1JlcXVlc3Q+DQogIDwvSXRlbXM+DQogIDxWYWxpZGF0aW9uUnVsZXM+DQogICAgPFZhbGlkYXRpb25SdWxlIENsYXNzbmFtZT0iTWljcm9zb2Z0LlZpc3VhbFN0dWRpby5UZXN0VG9vbHMuV2ViVGVzdGluZy5SdWxlcy5WYWxpZGF0ZVJlc3BvbnNlVXJsLCBNaWNyb3NvZnQuVmlzdWFsU3R1ZGlvLlF1YWxpdHlUb29scy5XZWJUZXN0RnJhbWV3b3JrLCBWZXJzaW9uPTEwLjAuMC4wLCBDdWx0dXJlPW5ldXRyYWwsIFB1YmxpY0tleVRva2VuPWIwM2Y1ZjdmMTFkNTBhM2EiIERpc3BsYXlOYW1lPSJVUkwt0LDQtNGA0LXRgSDQvtGC0LLQtdGC0LAiIERlc2NyaXB0aW9uPSLQn9GA0L7QstC10YDQutCwINGC0L7Qs9C+LCDRh9GC0L4gVVJMLdCw0LTRgNC10YEg0L7RgtCy0LXRgtCwINC/0L7RgdC70LUg0LLRi9C/0L7Qu9C90LXQvdC40Y8g0L/QtdGA0LXQvdCw0L/RgNCw0LLQu9C10L3QuNC5INGC0LDQutC+0Lkg0LbQtSwg0LrQsNC6INC30LDQv9C40YHQsNC90L3Ri9C5IFVSTC3QsNC00YDQtdGBINC+0YLQstC10YLQsC4g0J/QsNGA0LDQvNC10YLRgNGLIFF1ZXJ5U3RyaW5nINC40LPQvdC+0YDQuNGA0YPRjtGC0YHRjy4iIExldmVsPSJMb3ciIEV4ZWN0dWlvbk9yZGVyPSJCZWZvcmVEZXBlbmRlbnRzIiAvPg0KICAgIDxWYWxpZGF0aW9uUnVsZSBDbGFzc25hbWU9Ik1pY3Jvc29mdC5WaXN1YWxTdHVkaW8uVGVzdFRvb2xzLldlYlRlc3RpbmcuUnVsZXMuVmFsaWRhdGlvblJ1bGVSZXNwb25zZVRpbWVHb2FsLCBNaWNyb3NvZnQuVmlzdWFsU3R1ZGlvLlF1YWxpdHlUb29scy5XZWJUZXN0RnJhbWV3b3JrLCBWZXJzaW9uPTEwLjAuMC4wLCBDdWx0dXJlPW5ldXRyYWwsIFB1YmxpY0tleVRva2VuPWIwM2Y1ZjdmMTFkNTBhM2EiIERpc3BsYXlOYW1lPSLQptC10LvRjCDQstGA0LXQvNC10L3QuCDQvtGC0LLQtdGC0LAiIERlc2NyaXB0aW9uPSLQn9GA0L7QstC10YDQutCwINC90LAg0L/RgNC10LLRi9GI0LXQvdC40LUg0LLRgNC10LzQtdC90LXQvCDQvtGC0LLQtdGC0LAg0L3QsCDQt9Cw0L/RgNC+0YEg0Y3RgtCw0LvQvtC90LAg0LLRgNC10LzQtdC90Lgg0L7RgtCy0LXRgtCwLCDRg9C60LDQt9Cw0L3QvdC+0LPQviDQsiDQt9Cw0L/RgNC+0YHQtS4g0KbQtdC70Lgg0LLRgNC10LzQtdC90Lgg0L7RgtCy0LXRgtCwLCDRgNCw0LLQvdGL0LUg0L3Rg9C70Y4sINCx0YPQtNGD0YIg0L/RgNC+0L/Rg9GJ0LXQvdGLLiIgTGV2ZWw9IkxvdyIgRXhlY3R1aW9uT3JkZXI9IkFmdGVyRGVwZW5kZW50cyI+DQogICAgICA8UnVsZVBhcmFtZXRlcnM+DQogICAgICAgIDxSdWxlUGFyYW1ldGVyIE5hbWU9IlRvbGVyYW5jZSIgVmFsdWU9IjAiIC8+DQogICAgICA8L1J1bGVQYXJhbWV0ZXJzPg0KICAgIDwvVmFsaWRhdGlvblJ1bGU+DQogIDwvVmFsaWRhdGlvblJ1bGVzPg0KPC9XZWJUZXN0Pg==">
      <Execution id="cb2e0743-baec-4d8c-be7f-bb0c1e644c93" />
    </WebTest>
  </TestDefinitions>
  <TestLists>
    <TestList name="Отсутствующие в списке результаты" id="8c84fa94-04c1-424b-9868-57a2d4851a1d" />
    <TestList name="Все загруженные результаты" id="19431567-8539-422a-85d7-44ee4e166bda" />
  </TestLists>
  <TestEntries>
    <TestEntry isTransparent="false" testId="878c1a08-07b4-4bb7-a5ed-39f8bba457d0" executionId="cb2e0743-baec-4d8c-be7f-bb0c1e644c93" testListId="8c84fa94-04c1-424b-9868-57a2d4851a1d" />
  </TestEntries>
  <Results>
    <WebTestResult executionId="cb2e0743-baec-4d8c-be7f-bb0c1e644c93" testId="878c1a08-07b4-4bb7-a5ed-39f8bba457d0" testName="WebTest1" computerName="NASA" duration="00:00:23.6164954" startTime="2015-06-11T11:10:01.8726250+03:00" endTime="2015-06-11T11:10:36.1325846+03:00" testType="4e7599fa-5ecb-43e9-a887-cd63cf72d207" outcome="Passed" testListId="8c84fa94-04c1-424b-9868-57a2d4851a1d" relativeResultsDirectory="cb2e0743-baec-4d8c-be7f-bb0c1e644c93">
      <ResultFiles>
        <ResultFile path="WebTest1.webtestResult" />
      </ResultFiles>
      <TestSettings name="Локальные" id="53fd9510-db03-4e9e-849d-1f18d88a4e4f">
        <Description>Это - параметры по умолчанию для локального тестового запуска.</Description>
        <Execution>
          <TestTypeSpecific>
            <WebTestRunConfiguration testTypeId="4e7599fa-5ecb-43e9-a887-cd63cf72d207">
              <Browser name="Internet Explorer 9.0" MaxConnections="6">
                <Headers>
                  <Header name="User-Agent" value="Mozilla/5.0 (compatible; MSIE 9.0; Windows NT 6.1; Trident/5.0)" />
                  <Header name="Accept" value="*/*" />
                  <Header name="Accept-Language" value="{{$IEAcceptLanguage}}" />
                  <Header name="Accept-Encoding" value="GZIP" />
                </Headers>
              </Browser>
            </WebTestRunConfiguration>
          </TestTypeSpecific>
          <AgentRule name="Execution Agents">
          </AgentRule>
        </Execution>
        <Deployment runDeploymentRoot="Dego_NASA 2015-06-11 11_09_59" />
      </TestSettings>
      <WebTestResultFilePath>Dego_NASA 2015-06-11 11_09_59\In\cb2e0743-baec-4d8c-be7f-bb0c1e644c93\WebTest1.webtestResult</WebTestResultFilePath>
    </WebTestResult>
  </Results>
</TestRun>