<?xml version="1.0" encoding="UTF-8"?>
<TestRun id="bd7789b9-af9c-46ed-815a-6d3eca9df894" name="Dego@NASA 2015-06-07 22:20:49" runUser="Nasa\Dego" xmlns="http://microsoft.com/schemas/VisualStudio/TeamTest/2010">
  <TestSettings name="Локальные" id="53fd9510-db03-4e9e-849d-1f18d88a4e4f">
    <Description>Это - параметры по умолчанию для локального тестового запуска.</Description>
    <Execution>
      <TestTypeSpecific />
      <AgentRule name="Execution Agents">
      </AgentRule>
    </Execution>
    <Deployment runDeploymentRoot="Dego_NASA 2015-06-07 22_20_49" />
  </TestSettings>
  <Times creation="2015-06-07T22:20:49.1407116+03:00" queuing="2015-06-07T22:20:49.4587298+03:00" start="2015-06-07T22:20:49.5697361+03:00" finish="2015-06-07T22:23:59.1665804+03:00" />
  <ResultSummary outcome="Completed">
    <Counters total="1" executed="1" passed="0" error="0" failed="0" timeout="0" aborted="0" inconclusive="0" passedButRunAborted="0" notRunnable="0" notExecuted="0" disconnected="0" warning="0" completed="1" inProgress="0" pending="0" />
  </ResultSummary>
  <TestDefinitions>
    <WebTest name="WebTest2" storage="c:\users\dego\desktop\smrthome\smarthomeasync\webandloadtestproject\webandloadtestproject\webtest2.webtest" id="1abc4225-07d4-435c-b5f2-ad2fe8bd8947" persistedWebTest="77u/PD94bWwgdmVyc2lvbj0iMS4wIiBlbmNvZGluZz0iVVRGLTgiIHN0YW5kYWxvbmU9InllcyI/Pg0KPFdlYlRlc3QgTmFtZT0iV2ViVGVzdDIiIElkPSIxYWJjNDIyNS0wN2Q0LTQzNWMtYjVmMi1hZDJmZThiZDg5NDciIE93bmVyPSIiIFByaW9yaXR5PSIyMTQ3NDgzNjQ3IiBFbmFibGVkPSJUcnVlIiBDc3NQcm9qZWN0U3RydWN0dXJlPSIiIENzc0l0ZXJhdGlvbj0iIiBUaW1lb3V0PSIwIiBXb3JrSXRlbUlkcz0iIiB4bWxucz0iaHR0cDovL21pY3Jvc29mdC5jb20vc2NoZW1hcy9WaXN1YWxTdHVkaW8vVGVhbVRlc3QvMjAxMCIgRGVzY3JpcHRpb249IiIgQ3JlZGVudGlhbFVzZXJOYW1lPSIiIENyZWRlbnRpYWxQYXNzd29yZD0iIiBQcmVBdXRoZW50aWNhdGU9IlRydWUiIFByb3h5PSIiIFN0b3BPbkVycm9yPSJGYWxzZSIgUmVjb3JkZWRSZXN1bHRGaWxlPSJXZWJUZXN0Mi5mM2M4OThjNy1jNjJmLTRkNWMtODY2ZS0wZDY4NDNjODkyMDQucmVjLndlYnRlc3RyZXN1bHQiPg0KICA8SXRlbXM+DQogICAgPFJlcXVlc3QgTWV0aG9kPSJQT1NUIiBHdWlkPSI4MDdhY2FmMC0xZDQ0LTQ5MWYtOGZlNi1iZmY4NGVmZjRkMGQiIFZlcnNpb249IjEuMSIgVXJsPSJodHRwOi8vbG9jYWxob3N0OjIxODUvSG9tZS9EZXZpY2VBY3Rpb25MYW1wIiBUaGlua1RpbWU9IjAiIFRpbWVvdXQ9IjMwMCIgUGFyc2VEZXBlbmRlbnRSZXF1ZXN0cz0iVHJ1ZSIgRm9sbG93UmVkaXJlY3RzPSJUcnVlIiBSZWNvcmRSZXN1bHQ9IlRydWUiIENhY2hlPSJGYWxzZSIgUmVzcG9uc2VUaW1lR29hbD0iMCIgRW5jb2Rpbmc9InV0Zi04IiBFeHBlY3RlZEh0dHBTdGF0dXNDb2RlPSIwIiBFeHBlY3RlZFJlc3BvbnNlVXJsPSIiIFJlcG9ydGluZ05hbWU9IiI+DQogICAgICA8Rm9ybVBvc3RIdHRwQm9keT4NCiAgICAgICAgPEZvcm1Qb3N0UGFyYW1ldGVyIE5hbWU9IklEIiBWYWx1ZT0iMSIgUmVjb3JkZWRWYWx1ZT0iMSIgQ29ycmVsYXRpb25CaW5kaW5nPSIiIFVybEVuY29kZT0iVHJ1ZSIgLz4NCiAgICAgICAgPEZvcm1Qb3N0UGFyYW1ldGVyIE5hbWU9InR5cGUiIFZhbHVlPSJMYW1wIiBSZWNvcmRlZFZhbHVlPSJMYW1wIiBDb3JyZWxhdGlvbkJpbmRpbmc9IiIgVXJsRW5jb2RlPSJUcnVlIiAvPg0KICAgICAgICA8Rm9ybVBvc3RQYXJhbWV0ZXIgTmFtZT0iQWN0aW9uIiBWYWx1ZT0iT04iIFJlY29yZGVkVmFsdWU9Ik9OIiBDb3JyZWxhdGlvbkJpbmRpbmc9IiIgVXJsRW5jb2RlPSJUcnVlIiAvPg0KICAgICAgICA8Rm9ybVBvc3RQYXJhbWV0ZXIgTmFtZT0iUGFyYW1ldHIiIFZhbHVlPSJudWxsLyIgUmVjb3JkZWRWYWx1ZT0ibnVsbC8iIENvcnJlbGF0aW9uQmluZGluZz0iIiBVcmxFbmNvZGU9IlRydWUiIC8+DQogICAgICAgIDxGb3JtUG9zdFBhcmFtZXRlciBOYW1lPSJYLVJlcXVlc3RlZC1XaXRoIiBWYWx1ZT0iWE1MSHR0cFJlcXVlc3QiIFJlY29yZGVkVmFsdWU9IlhNTEh0dHBSZXF1ZXN0IiBDb3JyZWxhdGlvbkJpbmRpbmc9IiIgVXJsRW5jb2RlPSJUcnVlIiAvPg0KICAgICAgPC9Gb3JtUG9zdEh0dHBCb2R5Pg0KICAgIDwvUmVxdWVzdD4NCiAgPC9JdGVtcz4NCiAgPFZhbGlkYXRpb25SdWxlcz4NCiAgICA8VmFsaWRhdGlvblJ1bGUgQ2xhc3NuYW1lPSJNaWNyb3NvZnQuVmlzdWFsU3R1ZGlvLlRlc3RUb29scy5XZWJUZXN0aW5nLlJ1bGVzLlZhbGlkYXRlUmVzcG9uc2VVcmwsIE1pY3Jvc29mdC5WaXN1YWxTdHVkaW8uUXVhbGl0eVRvb2xzLldlYlRlc3RGcmFtZXdvcmssIFZlcnNpb249MTAuMC4wLjAsIEN1bHR1cmU9bmV1dHJhbCwgUHVibGljS2V5VG9rZW49YjAzZjVmN2YxMWQ1MGEzYSIgRGlzcGxheU5hbWU9IlVSTC3QsNC00YDQtdGBINC+0YLQstC10YLQsCIgRGVzY3JpcHRpb249ItCf0YDQvtCy0LXRgNC60LAg0YLQvtCz0L4sINGH0YLQviBVUkwt0LDQtNGA0LXRgSDQvtGC0LLQtdGC0LAg0L/QvtGB0LvQtSDQstGL0L/QvtC70L3QtdC90LjRjyDQv9C10YDQtdC90LDQv9GA0LDQstC70LXQvdC40Lkg0YLQsNC60L7QuSDQttC1LCDQutCw0Log0LfQsNC/0LjRgdCw0L3QvdGL0LkgVVJMLdCw0LTRgNC10YEg0L7RgtCy0LXRgtCwLiDQn9Cw0YDQsNC80LXRgtGA0YsgUXVlcnlTdHJpbmcg0LjQs9C90L7RgNC40YDRg9GO0YLRgdGPLiIgTGV2ZWw9IkxvdyIgRXhlY3R1aW9uT3JkZXI9IkJlZm9yZURlcGVuZGVudHMiIC8+DQogICAgPFZhbGlkYXRpb25SdWxlIENsYXNzbmFtZT0iTWljcm9zb2Z0LlZpc3VhbFN0dWRpby5UZXN0VG9vbHMuV2ViVGVzdGluZy5SdWxlcy5WYWxpZGF0aW9uUnVsZVJlc3BvbnNlVGltZUdvYWwsIE1pY3Jvc29mdC5WaXN1YWxTdHVkaW8uUXVhbGl0eVRvb2xzLldlYlRlc3RGcmFtZXdvcmssIFZlcnNpb249MTAuMC4wLjAsIEN1bHR1cmU9bmV1dHJhbCwgUHVibGljS2V5VG9rZW49YjAzZjVmN2YxMWQ1MGEzYSIgRGlzcGxheU5hbWU9ItCm0LXQu9GMINCy0YDQtdC80LXQvdC4INC+0YLQstC10YLQsCIgRGVzY3JpcHRpb249ItCf0YDQvtCy0LXRgNC60LAg0L3QsCDQv9GA0LXQstGL0YjQtdC90LjQtSDQstGA0LXQvNC10L3QtdC8INC+0YLQstC10YLQsCDQvdCwINC30LDQv9GA0L7RgSDRjdGC0LDQu9C+0L3QsCDQstGA0LXQvNC10L3QuCDQvtGC0LLQtdGC0LAsINGD0LrQsNC30LDQvdC90L7Qs9C+INCyINC30LDQv9GA0L7RgdC1LiDQptC10LvQuCDQstGA0LXQvNC10L3QuCDQvtGC0LLQtdGC0LAsINGA0LDQstC90YvQtSDQvdGD0LvRjiwg0LHRg9C00YPRgiDQv9GA0L7Qv9GD0YnQtdC90YsuIiBMZXZlbD0iTG93IiBFeGVjdHVpb25PcmRlcj0iQWZ0ZXJEZXBlbmRlbnRzIj4NCiAgICAgIDxSdWxlUGFyYW1ldGVycz4NCiAgICAgICAgPFJ1bGVQYXJhbWV0ZXIgTmFtZT0iVG9sZXJhbmNlIiBWYWx1ZT0iMCIgLz4NCiAgICAgIDwvUnVsZVBhcmFtZXRlcnM+DQogICAgPC9WYWxpZGF0aW9uUnVsZT4NCiAgPC9WYWxpZGF0aW9uUnVsZXM+DQo8L1dlYlRlc3Q+">
    </WebTest>
    <LoadTest Name="LoadTest2" Description="" Owner="" storage="c:\users\dego\desktop\smrthome\smarthomeasync\webandloadtestproject\webandloadtestproject\loadtest2.loadtest" Priority="2147483647" Enabled="true" CssProjectStructure="" CssIteration="" DeploymentItemsEditable="" WorkItemIds="" TraceLevel="None" CurrentRunConfig="Параметры запуска1" Id="342056ae-b7a5-403b-8a36-1472c35f66f6">
      <Scenarios>
        <Scenario Name="Сценарий1" DelayBetweenIterations="3" PercentNewUsers="0" IPSwitching="true" TestMixType="PercentageOfUsersRunning" ApplyDistributionToPacingDelay="true" MaxTestIterations="0" DisableDuringWarmup="false" DelayStartTime="0" AllowedAgents="">
          <ThinkProfile Value="0" Pattern="On" />
          <LoadProfile Pattern="Step" InitialUsers="10" MaxUsers="40" StepUsers="1" StepDuration="10" StepRampTime="0" />
          <TestMix>
            <TestProfile Name="WebTest2" Path="c:\users\dego\desktop\smrthome\smarthomeasync\webandloadtestproject\webandloadtestproject\webtest2.webtest" Id="1abc4225-07d4-435c-b5f2-ad2fe8bd8947" Percentage="100" Type="Microsoft.VisualStudio.TestTools.WebStress.DeclarativeWebTestElement, Microsoft.VisualStudio.QualityTools.LoadTest, Version=11.0.0.0, Culture=neutral, PublicKeyToken=b03f5f7f11d50a3a" />
          </TestMix>
          <BrowserMix>
            <BrowserProfile Percentage="100">
              <Browser Name="Internet Explorer 9.0" MaxConnections="6">
                <Headers>
                  <Header Name="User-Agent" Value="Mozilla/5.0 (compatible; MSIE 9.0; Windows NT 6.1; Trident/5.0)" />
                  <Header Name="Accept" Value="*/*" />
                  <Header Name="Accept-Language" Value="{{$IEAcceptLanguage}}" />
                  <Header Name="Accept-Encoding" Value="GZIP" />
                </Headers>
              </Browser>
            </BrowserProfile>
          </BrowserMix>
          <NetworkMix>
            <NetworkProfile Percentage="100">
              <Network Name="LAN" BandwidthInKbps="1000000" NetworkProfileConfigurationXml="&lt;Emulation&gt;&lt;VirtualChannel name=&quot;defaultChannel&quot;&gt;&lt;FilterList/&gt;&lt;VirtualLink instances=&quot;1&quot; name=&quot;defaultLink&quot;&gt;&lt;LinkRule dir=&quot;upstream&quot;&gt;&lt;Bandwidth&gt;&lt;Speed unit=&quot;kbps&quot;&gt;1000000&lt;/Speed&gt;&lt;/Bandwidth&gt;&lt;/LinkRule&gt;&lt;LinkRule dir=&quot;downstream&quot;&gt;&lt;Bandwidth&gt;&lt;Speed unit=&quot;kbps&quot;&gt;1000000&lt;/Speed&gt;&lt;/Bandwidth&gt;&lt;/LinkRule&gt;&lt;/VirtualLink&gt;&lt;/VirtualChannel&gt;&lt;/Emulation&gt;" />
            </NetworkProfile>
          </NetworkMix>
        </Scenario>
      </Scenarios>
      <CounterSets>
        <CounterSet Name="NASA" CounterSetType="LoadTest" LocId="">
          <CounterCategories>
            <CounterCategory Name="LoadTest:Scenario">
              <Counters>
                <Counter Name="User Load" HigherIsBetter="true" />
                <Counter Name="Tests Running" HigherIsBetter="true" />
              </Counters>
            </CounterCategory>
            <CounterCategory Name="LoadTest:Test">
              <Counters>
                <Counter Name="Total Tests" HigherIsBetter="true" />
                <Counter Name="Passed Tests" HigherIsBetter="true" />
                <Counter Name="Failed Tests" />
                <Counter Name="Tests/Sec" HigherIsBetter="true" />
                <Counter Name="Passed Tests/Sec" HigherIsBetter="true" />
                <Counter Name="Failed Tests/Sec" />
                <Counter Name="Avg. Requests/Test" HigherIsBetter="true" />
                <Counter Name="Avg. Test Time" />
                <Counter Name="% Time in LoadTestPlugin" />
                <Counter Name="% Time in WebTest code" />
                <Counter Name="% Time in Rules" />
              </Counters>
            </CounterCategory>
            <CounterCategory Name="LoadTest:Transaction">
              <Counters>
                <Counter Name="Total Transactions" HigherIsBetter="true" />
                <Counter Name="Avg. Transaction Time" />
                <Counter Name="Avg. Response Time" />
                <Counter Name="Transactions/Sec" HigherIsBetter="true" />
              </Counters>
            </CounterCategory>
            <CounterCategory Name="LoadTest:Errors">
              <Counters>
                <Counter Name="Http Errors" />
                <Counter Name="Validation Rule Errors" />
                <Counter Name="Extraction Rule Errors" />
                <Counter Name="Requests Timed Out" />
                <Counter Name="Exceptions" />
                <Counter Name="Total Errors" />
                <Counter Name="Ошибок в секунду" />
                <Counter Name="Нарушений порога/сек" />
              </Counters>
            </CounterCategory>
            <CounterCategory Name="LoadTest:Page">
              <Counters>
                <Counter Name="Total Pages" HigherIsBetter="true" />
                <Counter Name="Avg. Page Time" />
                <Counter Name="Page Response Time Goal" HigherIsBetter="true" />
                <Counter Name="% Pages Meeting Goal" HigherIsBetter="true" />
                <Counter Name="Pages/Sec" HigherIsBetter="true" />
              </Counters>
            </CounterCategory>
            <CounterCategory Name="LoadTest:Request">
              <Counters>
                <Counter Name="Total Requests" HigherIsBetter="true" />
                <Counter Name="Passed Requests" HigherIsBetter="true" />
                <Counter Name="Failed Requests" />
                <Counter Name="Cached Requests" HigherIsBetter="true" />
                <Counter Name="Requests/Sec" HigherIsBetter="true" />
                <Counter Name="Passed Requests/Sec" HigherIsBetter="true" />
                <Counter Name="Failed Requests/Sec" />
                <Counter Name="Avg. First Byte Time" />
                <Counter Name="Avg. Response Time" />
                <Counter Name="Avg. Connection Wait Time">
                  <ThresholdRules>
                    <ThresholdRule Classname="Microsoft.VisualStudio.TestTools.WebStress.Rules.ThresholdRuleCompareCounters, Microsoft.VisualStudio.QualityTools.LoadTest, Version=11.0.0.0, Culture=neutral, PublicKeyToken=b03f5f7f11d50a3a">
                      <RuleParameters>
                        <RuleParameter Name="DependentCategory" Value="LoadTest:Page" />
                        <RuleParameter Name="DependentCounter" Value="Avg. Page Time" />
                        <RuleParameter Name="DependentInstance" Value="_Total" />
                        <RuleParameter Name="AlertIfOver" Value="True" />
                        <RuleParameter Name="WarningThreshold" Value="0.25" />
                        <RuleParameter Name="CriticalThreshold" Value="0.5" />
                      </RuleParameters>
                    </ThresholdRule>
                  </ThresholdRules>
                </Counter>
                <Counter Name="Avg. Content Length" />
              </Counters>
            </CounterCategory>
            <CounterCategory Name="LoadTest:LogEntries">
              <Counters>
                <Counter Name="Total Log Entries" />
                <Counter Name="Log Entries/Sec" />
              </Counters>
            </CounterCategory>
          </CounterCategories>
        </CounterSet>
        <CounterSet Name="Контроллер" CounterSetType="Controller" LocId="CounterSet_Controller">
          <CounterCategories>
            <CounterCategory Name="Memory">
              <Counters>
                <Counter Name="% Committed Bytes In Use" Range="100" />
                <Counter Name="Available MBytes" RangeGroup="Memory Bytes" HigherIsBetter="true">
                  <ThresholdRules>
                    <ThresholdRule Classname="Microsoft.VisualStudio.TestTools.WebStress.Rules.ThresholdRuleCompareConstant, Microsoft.VisualStudio.QualityTools.LoadTest">
                      <RuleParameters>
                        <RuleParameter Name="AlertIfOver" Value="False" />
                        <RuleParameter Name="WarningThreshold" Value="100" />
                        <RuleParameter Name="CriticalThreshold" Value="50" />
                      </RuleParameters>
                    </ThresholdRule>
                    <ThresholdRule Classname="Microsoft.VisualStudio.TestTools.WebStress.Rules.ThresholdRuleCompareConstant, Microsoft.VisualStudio.QualityTools.LoadTest">
                      <RuleParameters>
                        <RuleParameter Name="AlertIfOver" Value="False" />
                        <RuleParameter Name="WarningThreshold" Value="100" />
                        <RuleParameter Name="CriticalThreshold" Value="50" />
                      </RuleParameters>
                    </ThresholdRule>
                  </ThresholdRules>
                </Counter>
                <Counter Name="Page Faults/sec" />
                <Counter Name="Pages/sec" />
                <Counter Name="Pool Paged Bytes" RangeGroup="Memory Bytes" />
                <Counter Name="Pool Nonpaged bytes" RangeGroup="Memory Bytes" />
              </Counters>
            </CounterCategory>
            <CounterCategory Name="Network Interface">
              <Counters>
                <Counter Name="Bytes Received/sec" RangeGroup="Network Bytes" />
                <Counter Name="Bytes Sent/sec" RangeGroup="Network Bytes" />
                <Counter Name="Output Queue Length">
                  <ThresholdRules>
                    <ThresholdRule Classname="Microsoft.VisualStudio.TestTools.WebStress.Rules.ThresholdRuleCompareConstant, Microsoft.VisualStudio.QualityTools.LoadTest">
                      <RuleParameters>
                        <RuleParameter Name="AlertIfOver" Value="True" />
                        <RuleParameter Name="WarningThreshold" Value="1.5" />
                        <RuleParameter Name="CriticalThreshold" Value="2" />
                      </RuleParameters>
                    </ThresholdRule>
                    <ThresholdRule Classname="Microsoft.VisualStudio.TestTools.WebStress.Rules.ThresholdRuleCompareConstant, Microsoft.VisualStudio.QualityTools.LoadTest">
                      <RuleParameters>
                        <RuleParameter Name="AlertIfOver" Value="True" />
                        <RuleParameter Name="WarningThreshold" Value="1.5" />
                        <RuleParameter Name="CriticalThreshold" Value="2" />
                      </RuleParameters>
                    </ThresholdRule>
                  </ThresholdRules>
                </Counter>
                <Counter Name="Packets Received/sec" RangeGroup="Network Packets" />
                <Counter Name="Packets Sent/sec" RangeGroup="Network Packets" />
                <Counter Name="Current Bandwidth" RangeGroup="Network Bytes" />
                <Counter Name="Bytes Total/sec" RangeGroup="Network Bytes">
                  <ThresholdRules>
                    <ThresholdRule Classname="Microsoft.VisualStudio.TestTools.WebStress.Rules.ThresholdRuleCompareCounters, Microsoft.VisualStudio.QualityTools.LoadTest, Version=11.0.0.0, Culture=neutral, PublicKeyToken=b03f5f7f11d50a3a">
                      <RuleParameters>
                        <RuleParameter Name="DependentCategory" Value="Network Interface" />
                        <RuleParameter Name="DependentCounter" Value="Current Bandwidth" />
                        <RuleParameter Name="DependentInstance" Value="" />
                        <RuleParameter Name="AlertIfOver" Value="True" />
                        <RuleParameter Name="WarningThreshold" Value="0.6" />
                        <RuleParameter Name="CriticalThreshold" Value="0.7" />
                      </RuleParameters>
                    </ThresholdRule>
                    <ThresholdRule Classname="Microsoft.VisualStudio.TestTools.WebStress.Rules.ThresholdRuleCompareCounters, Microsoft.VisualStudio.QualityTools.LoadTest, Version=11.0.0.0, Culture=neutral, PublicKeyToken=b03f5f7f11d50a3a">
                      <RuleParameters>
                        <RuleParameter Name="DependentCategory" Value="Network Interface" />
                        <RuleParameter Name="DependentCounter" Value="Current Bandwidth" />
                        <RuleParameter Name="DependentInstance" Value="" />
                        <RuleParameter Name="AlertIfOver" Value="True" />
                        <RuleParameter Name="WarningThreshold" Value="0.6" />
                        <RuleParameter Name="CriticalThreshold" Value="0.7" />
                      </RuleParameters>
                    </ThresholdRule>
                  </ThresholdRules>
                </Counter>
              </Counters>
              <Instances>
                <Instance Name="*" />
              </Instances>
            </CounterCategory>
            <CounterCategory Name="PhysicalDisk">
              <Counters>
                <Counter Name="% Disk Read Time" Range="100" />
                <Counter Name="% Disk Time" Range="100" />
                <Counter Name="% Disk Write Time" Range="100" />
                <Counter Name="% Idle Time" Range="100" HigherIsBetter="true">
                  <ThresholdRules>
                    <ThresholdRule Classname="Microsoft.VisualStudio.TestTools.WebStress.Rules.ThresholdRuleCompareConstant, Microsoft.VisualStudio.QualityTools.LoadTest">
                      <RuleParameters>
                        <RuleParameter Name="AlertIfOver" Value="False" />
                        <RuleParameter Name="WarningThreshold" Value="40" />
                        <RuleParameter Name="CriticalThreshold" Value="20" />
                      </RuleParameters>
                    </ThresholdRule>
                    <ThresholdRule Classname="Microsoft.VisualStudio.TestTools.WebStress.Rules.ThresholdRuleCompareConstant, Microsoft.VisualStudio.QualityTools.LoadTest">
                      <RuleParameters>
                        <RuleParameter Name="AlertIfOver" Value="False" />
                        <RuleParameter Name="WarningThreshold" Value="40" />
                        <RuleParameter Name="CriticalThreshold" Value="20" />
                      </RuleParameters>
                    </ThresholdRule>
                  </ThresholdRules>
                </Counter>
                <Counter Name="Avg. Disk Bytes/Read" RangeGroup="DiskBytesRate" />
                <Counter Name="Avg. Disk Bytes/Transfer" RangeGroup="DiskBytesRate" />
                <Counter Name="Avg. Disk Bytes/Write" RangeGroup="DiskBytesRate" />
                <Counter Name="Avg. Disk Queue Length" RangeGroup="Disk Queue Length" />
                <Counter Name="Avg. Disk Read Queue Length" RangeGroup="Disk Queue Length" />
                <Counter Name="Avg. Disk Write Queue Length" RangeGroup="Disk Queue Length" />
                <Counter Name="Current Disk Queue Length" RangeGroup="Disk Queue Length" />
                <Counter Name="Avg. Disk sec/Read" RangeGroup="Disk sec" />
                <Counter Name="Avg. Disk sec/Transfer" RangeGroup="Disk sec" />
                <Counter Name="Avg. Disk sec/Write" RangeGroup="Disk sec" />
                <Counter Name="Disk Bytes/sec" RangeGroup="Disk Bytes sec" />
                <Counter Name="Disk Read Bytes/sec" RangeGroup="Disk Bytes sec" />
                <Counter Name="Disk Reads/sec" RangeGroup="Disk Transfers sec" />
                <Counter Name="Disk Transfers/sec" RangeGroup="Disk Transfers sec" />
                <Counter Name="Disk Write Bytes/sec" RangeGroup="Disk Bytes sec" />
                <Counter Name="Disk Writes/sec" RangeGroup="Disk Transfers sec" />
                <Counter Name="Split IO/Sec" RangeGroup="Disk Transfers sec" />
              </Counters>
              <Instances>
                <Instance Name="*" />
              </Instances>
            </CounterCategory>
            <CounterCategory Name="Processor">
              <Counters>
                <Counter Name="% Processor Time" Range="100">
                  <ThresholdRules>
                    <ThresholdRule Classname="Microsoft.VisualStudio.TestTools.WebStress.Rules.ThresholdRuleCompareConstant, Microsoft.VisualStudio.QualityTools.LoadTest">
                      <RuleParameters>
                        <RuleParameter Name="AlertIfOver" Value="True" />
                        <RuleParameter Name="WarningThreshold" Value="75" />
                        <RuleParameter Name="CriticalThreshold" Value="90" />
                      </RuleParameters>
                    </ThresholdRule>
                    <ThresholdRule Classname="Microsoft.VisualStudio.TestTools.WebStress.Rules.ThresholdRuleCompareConstant, Microsoft.VisualStudio.QualityTools.LoadTest">
                      <RuleParameters>
                        <RuleParameter Name="AlertIfOver" Value="True" />
                        <RuleParameter Name="WarningThreshold" Value="75" />
                        <RuleParameter Name="CriticalThreshold" Value="90" />
                      </RuleParameters>
                    </ThresholdRule>
                  </ThresholdRules>
                </Counter>
                <Counter Name="% Privileged Time" Range="100" />
                <Counter Name="% User Time" Range="100" />
              </Counters>
              <Instances>
                <Instance Name="_Total" />
              </Instances>
            </CounterCategory>
            <CounterCategory Name="System">
              <Counters>
                <Counter Name="Context Switches/sec" />
                <Counter Name="Processes" />
                <Counter Name="Processor Queue Length" />
                <Counter Name="Threads" />
              </Counters>
            </CounterCategory>
            <CounterCategory Name="Process">
              <Counters>
                <Counter Name="% Processor Time" RangeGroup="Processor Time" />
                <Counter Name="% Privileged Time" RangeGroup="Processor Time" />
                <Counter Name="% User Time" RangeGroup="Processor Time" />
                <Counter Name="Handle Count" />
                <Counter Name="Thread Count" />
                <Counter Name="Private Bytes" RangeGroup="Memory Bytes" />
                <Counter Name="Virtual Bytes" RangeGroup="Memory Bytes" />
                <Counter Name="Working Set" RangeGroup="Memory Bytes" />
              </Counters>
              <Instances>
                <Instance Name="QTController" />
              </Instances>
            </CounterCategory>
          </CounterCategories>
          <DefaultCountersForAutomaticGraphs>
            <DefaultCounter CategoryName="Processor" CounterName="% Processor Time" InstanceName="_Total" GraphName="" />
            <DefaultCounter CategoryName="Memory" CounterName="Available MBytes" InstanceName="" GraphName="" />
          </DefaultCountersForAutomaticGraphs>
        </CounterSet>
        <CounterSet Name="Агент" CounterSetType="Agent" LocId="CounterSet_Agent">
          <CounterCategories>
            <CounterCategory Name="Memory">
              <Counters>
                <Counter Name="% Committed Bytes In Use" Range="100" />
                <Counter Name="Available MBytes" RangeGroup="Memory Bytes" HigherIsBetter="true">
                  <ThresholdRules>
                    <ThresholdRule Classname="Microsoft.VisualStudio.TestTools.WebStress.Rules.ThresholdRuleCompareConstant, Microsoft.VisualStudio.QualityTools.LoadTest">
                      <RuleParameters>
                        <RuleParameter Name="AlertIfOver" Value="False" />
                        <RuleParameter Name="WarningThreshold" Value="100" />
                        <RuleParameter Name="CriticalThreshold" Value="50" />
                      </RuleParameters>
                    </ThresholdRule>
                  </ThresholdRules>
                </Counter>
                <Counter Name="Page Faults/sec" />
                <Counter Name="Pages/sec" />
                <Counter Name="Pool Paged Bytes" RangeGroup="Memory Bytes" />
                <Counter Name="Pool Nonpaged bytes" RangeGroup="Memory Bytes" />
              </Counters>
            </CounterCategory>
            <CounterCategory Name="Network Interface">
              <Counters>
                <Counter Name="Bytes Received/sec" RangeGroup="Network Bytes" />
                <Counter Name="Bytes Sent/sec" RangeGroup="Network Bytes" />
                <Counter Name="Output Queue Length">
                  <ThresholdRules>
                    <ThresholdRule Classname="Microsoft.VisualStudio.TestTools.WebStress.Rules.ThresholdRuleCompareConstant, Microsoft.VisualStudio.QualityTools.LoadTest">
                      <RuleParameters>
                        <RuleParameter Name="AlertIfOver" Value="True" />
                        <RuleParameter Name="WarningThreshold" Value="1.5" />
                        <RuleParameter Name="CriticalThreshold" Value="2" />
                      </RuleParameters>
                    </ThresholdRule>
                  </ThresholdRules>
                </Counter>
                <Counter Name="Packets Received/sec" RangeGroup="Network Packets" />
                <Counter Name="Packets Sent/sec" RangeGroup="Network Packets" />
                <Counter Name="Current Bandwidth" RangeGroup="Network Bytes" />
                <Counter Name="Bytes Total/sec" RangeGroup="Network Bytes">
                  <ThresholdRules>
                    <ThresholdRule Classname="Microsoft.VisualStudio.TestTools.WebStress.Rules.ThresholdRuleCompareCounters, Microsoft.VisualStudio.QualityTools.LoadTest, Version=11.0.0.0, Culture=neutral, PublicKeyToken=b03f5f7f11d50a3a">
                      <RuleParameters>
                        <RuleParameter Name="DependentCategory" Value="Network Interface" />
                        <RuleParameter Name="DependentCounter" Value="Current Bandwidth" />
                        <RuleParameter Name="DependentInstance" Value="" />
                        <RuleParameter Name="AlertIfOver" Value="True" />
                        <RuleParameter Name="WarningThreshold" Value="0.6" />
                        <RuleParameter Name="CriticalThreshold" Value="0.7" />
                      </RuleParameters>
                    </ThresholdRule>
                  </ThresholdRules>
                </Counter>
              </Counters>
              <Instances>
                <Instance Name="*" />
              </Instances>
            </CounterCategory>
            <CounterCategory Name="PhysicalDisk">
              <Counters>
                <Counter Name="% Disk Read Time" Range="100" />
                <Counter Name="% Disk Time" Range="100" />
                <Counter Name="% Disk Write Time" Range="100" />
                <Counter Name="% Idle Time" Range="100" HigherIsBetter="true">
                  <ThresholdRules>
                    <ThresholdRule Classname="Microsoft.VisualStudio.TestTools.WebStress.Rules.ThresholdRuleCompareConstant, Microsoft.VisualStudio.QualityTools.LoadTest">
                      <RuleParameters>
                        <RuleParameter Name="AlertIfOver" Value="False" />
                        <RuleParameter Name="WarningThreshold" Value="40" />
                        <RuleParameter Name="CriticalThreshold" Value="20" />
                      </RuleParameters>
                    </ThresholdRule>
                  </ThresholdRules>
                </Counter>
                <Counter Name="Avg. Disk Bytes/Read" RangeGroup="DiskBytesRate" />
                <Counter Name="Avg. Disk Bytes/Transfer" RangeGroup="DiskBytesRate" />
                <Counter Name="Avg. Disk Bytes/Write" RangeGroup="DiskBytesRate" />
                <Counter Name="Avg. Disk Queue Length" RangeGroup="Disk Queue Length" />
                <Counter Name="Avg. Disk Read Queue Length" RangeGroup="Disk Queue Length" />
                <Counter Name="Avg. Disk Write Queue Length" RangeGroup="Disk Queue Length" />
                <Counter Name="Current Disk Queue Length" RangeGroup="Disk Queue Length" />
                <Counter Name="Avg. Disk sec/Read" RangeGroup="Disk sec" />
                <Counter Name="Avg. Disk sec/Transfer" RangeGroup="Disk sec" />
                <Counter Name="Avg. Disk sec/Write" RangeGroup="Disk sec" />
                <Counter Name="Disk Bytes/sec" RangeGroup="Disk Bytes sec" />
                <Counter Name="Disk Read Bytes/sec" RangeGroup="Disk Bytes sec" />
                <Counter Name="Disk Reads/sec" RangeGroup="Disk Transfers sec" />
                <Counter Name="Disk Transfers/sec" RangeGroup="Disk Transfers sec" />
                <Counter Name="Disk Write Bytes/sec" RangeGroup="Disk Bytes sec" />
                <Counter Name="Disk Writes/sec" RangeGroup="Disk Transfers sec" />
                <Counter Name="Split IO/Sec" RangeGroup="Disk Transfers sec" />
              </Counters>
              <Instances>
                <Instance Name="*" />
              </Instances>
            </CounterCategory>
            <CounterCategory Name="Processor">
              <Counters>
                <Counter Name="% Processor Time" Range="100">
                  <ThresholdRules>
                    <ThresholdRule Classname="Microsoft.VisualStudio.TestTools.WebStress.Rules.ThresholdRuleCompareConstant, Microsoft.VisualStudio.QualityTools.LoadTest">
                      <RuleParameters>
                        <RuleParameter Name="AlertIfOver" Value="True" />
                        <RuleParameter Name="WarningThreshold" Value="75" />
                        <RuleParameter Name="CriticalThreshold" Value="90" />
                      </RuleParameters>
                    </ThresholdRule>
                  </ThresholdRules>
                </Counter>
                <Counter Name="% Privileged Time" Range="100" />
                <Counter Name="% User Time" Range="100" />
              </Counters>
              <Instances>
                <Instance Name="0" />
                <Instance Name="_Total" />
              </Instances>
            </CounterCategory>
            <CounterCategory Name="System">
              <Counters>
                <Counter Name="Context Switches/sec" />
                <Counter Name="Processes" />
                <Counter Name="Processor Queue Length" />
                <Counter Name="Threads" />
              </Counters>
            </CounterCategory>
            <CounterCategory Name="Process">
              <Counters>
                <Counter Name="% Processor Time" RangeGroup="Processor Time" />
                <Counter Name="% Privileged Time" RangeGroup="Processor Time" />
                <Counter Name="% User Time" RangeGroup="Processor Time" />
                <Counter Name="Handle Count" />
                <Counter Name="Thread Count" />
                <Counter Name="Private Bytes" RangeGroup="Memory Bytes" />
                <Counter Name="Virtual Bytes" RangeGroup="Memory Bytes" />
                <Counter Name="Working Set" RangeGroup="Memory Bytes" />
              </Counters>
              <Instances>
                <Instance Name="devenv" />
                <Instance Name="QTAgentService" />
                <Instance Name="QTAgent" />
                <Instance Name="QTAgent32" />
                <Instance Name="QTDCAgent" />
                <Instance Name="QTDCAgent32" />
              </Instances>
            </CounterCategory>
          </CounterCategories>
          <DefaultCountersForAutomaticGraphs>
            <DefaultCounter CategoryName="Processor" CounterName="% Processor Time" InstanceName="0" GraphName="" RunType="Local" />
            <DefaultCounter CategoryName="Processor" CounterName="% Processor Time" InstanceName="_Total" GraphName="" RunType="Remote" />
            <DefaultCounter CategoryName="Memory" CounterName="Available MBytes" InstanceName="" GraphName="" />
          </DefaultCountersForAutomaticGraphs>
        </CounterSet>
      </CounterSets>
      <RunConfigurations>
        <RunConfiguration Name="Параметры запуска1" Description="" ResultsStoreType="Database" TimingDetailsStorage="AllIndividualDetails" SaveTestLogsOnError="true" SaveTestLogsFrequency="0" MaxErrorDetails="200" MaxErrorsPerType="1000" MaxThresholdViolations="1000" MaxRequestUrlsReported="1000" UseTestIterations="false" RunDuration="180" WarmupTime="0" CoolDownTime="0" TestIterations="100" WebTestConnectionModel="ConnectionPerUser" WebTestConnectionPoolSize="50" SampleRate="5" ValidationLevel="High" SqlTracingConnectString="" SqlTracingConnectStringDisplayValue="" SqlTracingDirectory="" SqlTracingEnabled="false" SqlTracingFileCount="2" SqlTracingRolloverEnabled="true" SqlTracingMinimumDuration="500" RunUnitTestsInAppDomain="true">
          <CounterSetMappings>
            <CounterSetMapping ComputerName="[CONTROLLER MACHINE]">
              <CounterSetReferences>
                <CounterSetReference CounterSetName="LoadTest" />
                <CounterSetReference CounterSetName="Контроллер" />
              </CounterSetReferences>
            </CounterSetMapping>
            <CounterSetMapping ComputerName="[AGENT MACHINES]">
              <CounterSetReferences>
                <CounterSetReference CounterSetName="Агент" />
              </CounterSetReferences>
            </CounterSetMapping>
          </CounterSetMappings>
        </RunConfiguration>
      </RunConfigurations>
    </LoadTest>
  </TestDefinitions>
  <TestLists>
    <TestList name="Отсутствующие в списке результаты" id="8c84fa94-04c1-424b-9868-57a2d4851a1d" />
    <TestList name="Все загруженные результаты" id="19431567-8539-422a-85d7-44ee4e166bda" />
  </TestLists>
  <TestEntries>
    <TestEntry isTransparent="false" testId="342056ae-b7a5-403b-8a36-1472c35f66f6" executionId="81aee7e8-ed2a-4a3c-a079-9c8fc569cd11" testListId="8c84fa94-04c1-424b-9868-57a2d4851a1d">
      <TestEntries>
        <TestEntry isTransparent="false" testId="1abc4225-07d4-435c-b5f2-ad2fe8bd8947" executionId="342f13d5-e0e1-4188-a271-12259b1e6ffa" parentExecutionId="81aee7e8-ed2a-4a3c-a079-9c8fc569cd11" testListId="8c84fa94-04c1-424b-9868-57a2d4851a1d" />
      </TestEntries>
    </TestEntry>
  </TestEntries>
  <Results>
    <LoadTestResult executionId="81aee7e8-ed2a-4a3c-a079-9c8fc569cd11" testId="342056ae-b7a5-403b-8a36-1472c35f66f6" testName="LoadTest2" computerName="NASA" duration="00:03:00" startTime="2015-06-07T22:20:52.3718964+03:00" endTime="2015-06-07T22:23:52.3718964+03:00" testType="fa4c85ff-1236-4463-b954-3ba2f0eabd95" outcome="Completed" testListId="8c84fa94-04c1-424b-9868-57a2d4851a1d" relativeResultsDirectory="81aee7e8-ed2a-4a3c-a079-9c8fc569cd11" runId="45" controllerStartTime="2015-06-07T22:20:52.3718964+03:00" runStatus="Stopped" resultsStoreType="Database" resultsRepositoryConnectString="LAs4ogoKlDdhmQb5z0op1CRxlxlrNaZ3iClnx9q8/VMDUnRQXv5Lk8/dLDADVBEBZ+Ym/QgEA/eTF14DETFVDIgtwvBWpHCKf53dWjVHx85jzvJW9gNc4w==" loadTestDuration="180" loadTestWarmupTime="0" previouslyViewed="true">
      <AnalyzerViewState>
        <LoadTestRunDescriptor isLegendPanelVisible="true" isOverviewPanelVisible="true" isCounterPanelVisible="true" scrollingGraph="false" minMaxGraph="false" showHorizontalGridOnGraph="true" showThresholdsOnGraph="true" showComparison="false" showZoom="true" lockZoom="true" activeConsoleView="Table" selectedGraphPanel1="Ключевые индикаторы" selectedGraphPanel2="Время ответа страницы" selectedGraphPanel3="Тестируемая система" selectedGraphPanel4="Контроллер и агенты" graphPanelLayout="FourGrid" tablePanelLayout="TwoHorizontal" selectedTablePanel1="Tests" selectedTablePanel2="Errors" selectedTablePanel3="Thresholds" selectedTablePanel4="Transactions" controllerName="NASA" isLocalRun="true" testRunId="bd7789b9-af9c-46ed-815a-6d3eca9df894" repositoryRunId="0">
          <GraphDescriptors>
            <GraphDescriptor graphName="Ключевые индикаторы">
              <HorizontalZoomRange lower="-1" upper="-1" />
              <VerticalZoomRange lower="0" upper="100" />
              <PlotDescriptors>
                <PlotDescriptor colorArgb="-65536" lineStyle="0" fixedRange="0" rangeGroup="User Load" showOnGraph="true" isSelected="false">
                  <CounterDescriptor machineName="NASA" categoryName="LoadTest:Scenario" counterName="User Load" instanceName="_Total" baseInstanceName="_Total" loadTestItemId="-1" />
                </PlotDescriptor>
                <PlotDescriptor colorArgb="-16744448" lineStyle="0" fixedRange="0" rangeGroup="Pages/Sec" showOnGraph="true" isSelected="false">
                  <CounterDescriptor machineName="NASA" categoryName="LoadTest:Page" counterName="Pages/Sec" instanceName="_Total" baseInstanceName="_Total" loadTestItemId="-1" />
                </PlotDescriptor>
                <PlotDescriptor colorArgb="-16776961" lineStyle="0" fixedRange="0" rangeGroup="Avg. Page Time" showOnGraph="true" isSelected="false">
                  <CounterDescriptor machineName="NASA" categoryName="LoadTest:Page" counterName="Avg. Page Time" instanceName="_Total" baseInstanceName="_Total" loadTestItemId="-1" />
                </PlotDescriptor>
                <PlotDescriptor colorArgb="-8388480" lineStyle="0" fixedRange="0" rangeGroup="Ошибок в секунду" showOnGraph="true" isSelected="false">
                  <CounterDescriptor machineName="NASA" categoryName="LoadTest:Errors" counterName="Ошибок в секунду" instanceName="_Total" baseInstanceName="_Total" loadTestItemId="-1" />
                </PlotDescriptor>
                <PlotDescriptor colorArgb="-23296" lineStyle="0" fixedRange="0" rangeGroup="Нарушений порога/сек" showOnGraph="true" isSelected="false">
                  <CounterDescriptor machineName="NASA" categoryName="LoadTest:Errors" counterName="Нарушений порога/сек" instanceName="_Total" baseInstanceName="_Total" loadTestItemId="-1" />
                </PlotDescriptor>
              </PlotDescriptors>
            </GraphDescriptor>
            <GraphDescriptor graphName="Тестируемая система">
              <HorizontalZoomRange lower="-1" upper="-1" />
              <VerticalZoomRange lower="0" upper="100" />
            </GraphDescriptor>
            <GraphDescriptor graphName="Контроллер и агенты">
              <HorizontalZoomRange lower="-1" upper="-1" />
              <VerticalZoomRange lower="0" upper="100" />
              <PlotDescriptors>
                <PlotDescriptor colorArgb="-65536" lineStyle="0" fixedRange="100" rangeGroup="% Processor Time" showOnGraph="true" isSelected="false">
                  <CounterDescriptor machineName="NASA" categoryName="Processor" counterName="% Processor Time" instanceName="0" baseInstanceName="0" loadTestItemId="-1" />
                </PlotDescriptor>
                <PlotDescriptor colorArgb="-16744448" lineStyle="0" fixedRange="0" rangeGroup="Memory Bytes" showOnGraph="true" isSelected="false">
                  <CounterDescriptor machineName="NASA" categoryName="Memory" counterName="Available MBytes" instanceName="systemdiagnosticsperfcounterlibsingleinstance" baseInstanceName="systemdiagnosticsperfcounterlibsingleinstance" loadTestItemId="-1" />
                </PlotDescriptor>
              </PlotDescriptors>
            </GraphDescriptor>
            <GraphDescriptor graphName="Время ответа теста">
              <HorizontalZoomRange lower="-1" upper="-1" />
              <VerticalZoomRange lower="0" upper="4" />
              <PlotDescriptors>
                <PlotDescriptor colorArgb="-65536" lineStyle="0" fixedRange="4" rangeGroup="Avg. Test Time" showOnGraph="true" isSelected="false" counterMetadata="WebTest2;Сценарий1">
                  <CounterDescriptor machineName="NASA" categoryName="LoadTest:Test" counterName="Avg. Test Time" instanceName="WebTest2(000)" baseInstanceName="WebTest2" loadTestItemId="0" />
                </PlotDescriptor>
              </PlotDescriptors>
            </GraphDescriptor>
            <GraphDescriptor graphName="Время ответа транзакции">
              <HorizontalZoomRange lower="-1" upper="-1" />
              <VerticalZoomRange lower="0" upper="100" />
            </GraphDescriptor>
            <GraphDescriptor graphName="Время ответа страницы">
              <HorizontalZoomRange lower="-1" upper="-1" />
              <VerticalZoomRange lower="0" upper="4" />
              <PlotDescriptors>
                <PlotDescriptor colorArgb="-65536" lineStyle="0" fixedRange="4" rangeGroup="Avg. Page Time" showOnGraph="true" isSelected="true" counterMetadata="WebTest2;Сценарий1;http://localhost:2185/Home/DeviceActionLamp----{POST}">
                  <CounterDescriptor machineName="NASA" categoryName="LoadTest:Page" counterName="Avg. Page Time" instanceName="DeviceActionLamp{POST}(000)" baseInstanceName="DeviceActionLamp{POST}" loadTestItemId="0" />
                </PlotDescriptor>
              </PlotDescriptors>
            </GraphDescriptor>
          </GraphDescriptors>
        </LoadTestRunDescriptor>
      </AnalyzerViewState>
      <Summary>
        <PerformanceCounterResults>
          <PerformanceCounterResult isOverallResultCounter="true" higherIsBetter="true" machineName="NASA" categoryName="LoadTest:Scenario" counterName="User Load" instanceName="_Total" value="27" />
          <PerformanceCounterResult isOverallResultCounter="true" higherIsBetter="true" machineName="NASA" categoryName="LoadTest:Test" counterName="Total Tests" instanceName="_Total" value="602" />
          <PerformanceCounterResult isOverallResultCounter="true" higherIsBetter="false" machineName="NASA" categoryName="LoadTest:Test" counterName="Failed Tests" instanceName="_Total" value="602" />
          <PerformanceCounterResult isOverallResultCounter="true" higherIsBetter="true" machineName="NASA" categoryName="LoadTest:Test" counterName="Tests/Sec" instanceName="_Total" value="3.34444451" />
          <PerformanceCounterResult isOverallResultCounter="true" higherIsBetter="false" machineName="NASA" categoryName="LoadTest:Test" counterName="Avg. Test Time" instanceName="_Total" value="2.55986881" />
          <PerformanceCounterResult isOverallResultCounter="true" higherIsBetter="true" machineName="NASA" categoryName="LoadTest:Request" counterName="Total Requests" instanceName="_Total" value="602" />
          <PerformanceCounterResult isOverallResultCounter="true" higherIsBetter="false" machineName="NASA" categoryName="LoadTest:Request" counterName="Failed Requests" instanceName="_Total" value="602" />
          <PerformanceCounterResult isOverallResultCounter="true" higherIsBetter="true" machineName="NASA" categoryName="LoadTest:Request" counterName="Cached Requests" instanceName="_Total" value="0" />
          <PerformanceCounterResult isOverallResultCounter="true" higherIsBetter="true" machineName="NASA" categoryName="LoadTest:Request" counterName="Requests/Sec" instanceName="_Total" value="3.34444451" />
          <PerformanceCounterResult isOverallResultCounter="true" higherIsBetter="false" machineName="NASA" categoryName="LoadTest:Request" counterName="Avg. Response Time" instanceName="_Total" value="2.55738378" />
          <PerformanceCounterResult isOverallResultCounter="false" higherIsBetter="false" machineName="NASA" categoryName="Processor" counterName="% Processor Time" instanceName="_Total" value="37.7787781" />
          <PerformanceCounterResult isOverallResultCounter="false" higherIsBetter="true" machineName="NASA" categoryName="Memory" counterName="Available MBytes" instanceName="-" value="730" />
          <PerformanceCounterResult isOverallResultCounter="false" higherIsBetter="false" machineName="NASA" categoryName="Network Interface" counterName="Bytes Received/sec" instanceName="сетевая карта realtek rtl8168d_8111d family pci-e gigabit ethernet nic [ndis 6.20]" value="48371.9336" />
          <PerformanceCounterResult isOverallResultCounter="false" higherIsBetter="false" machineName="NASA" categoryName="Network Interface" counterName="Bytes Received/sec" instanceName="подключение по локальной сети* 2" value="0" />
          <PerformanceCounterResult isOverallResultCounter="false" higherIsBetter="false" machineName="NASA" categoryName="Network Interface" counterName="Bytes Received/sec" instanceName="isatap.{bee2fa93-2ac2-4bae-8ee6-032ef765795b}" value="0" />
          <PerformanceCounterResult isOverallResultCounter="false" higherIsBetter="false" machineName="NASA" categoryName="Network Interface" counterName="Bytes Sent/sec" instanceName="сетевая карта realtek rtl8168d_8111d family pci-e gigabit ethernet nic [ndis 6.20]" value="2355.15674" />
          <PerformanceCounterResult isOverallResultCounter="false" higherIsBetter="false" machineName="NASA" categoryName="Network Interface" counterName="Bytes Sent/sec" instanceName="подключение по локальной сети* 2" value="0" />
          <PerformanceCounterResult isOverallResultCounter="false" higherIsBetter="false" machineName="NASA" categoryName="Network Interface" counterName="Bytes Sent/sec" instanceName="isatap.{bee2fa93-2ac2-4bae-8ee6-032ef765795b}" value="0" />
        </PerformanceCounterResults>
        <PageSummaries>
          <PageSummary scenarioName="Сценарий1" testName="WebTest2" url="DeviceActionLamp{POST}" pageCount="602" responseTime="2557" />
        </PageSummaries>
        <TestSummaries>
          <TestSummary scenarioName="Сценарий1" testName="WebTest2" totalTests="602" testsFailed="602" averageDuration="2559" />
        </TestSummaries>
      </Summary>
    </LoadTestResult>
  </Results>
</TestRun>